#-----------------------------------------------------------
# Vivado v2018.2 (64-bit)
# SW Build 2258646 on Thu Jun 14 20:03:12 MDT 2018
# IP Build 2256618 on Thu Jun 14 22:10:49 MDT 2018
# Start of session at: Wed Jul 27 00:01:08 2022
# Process ID: 62920
# Current directory: C:/Users/dilsh/LAB10_New_New/LAB10_Dilshan_New/LAB10
# Command line: vivado.exe -gui_launcher_event rodinguilauncherevent54044 C:\Users\dilsh\LAB10_New_New\LAB10_Dilshan_New\LAB10\LAB10.xpr
# Log file: C:/Users/dilsh/LAB10_New_New/LAB10_Dilshan_New/LAB10/vivado.log
# Journal file: C:/Users/dilsh/LAB10_New_New/LAB10_Dilshan_New/LAB10\vivado.jou
#-----------------------------------------------------------
start_gui
open_project C:/Users/dilsh/LAB10_New_New/LAB10_Dilshan_New/LAB10/LAB10.xpr
CRITICAL WARNING: [Project 1-19] Could not find the file 'C:/Users/dilsh/TB_Processor_behav.wcfg'.
Scanning sources...
Finished scanning sources
INFO: [IP_Flow 19-234] Refreshing IP repositories
INFO: [IP_Flow 19-1704] No user IP repositories specified
INFO: [IP_Flow 19-2313] Loaded Vivado IP repository 'C:/Xilinx/Vivado/2018.2/data/ip'.
open_project: Time (s): cpu = 00:00:11 ; elapsed = 00:00:06 . Memory (MB): peak = 812.930 ; gain = 132.188
update_compile_order -fileset sources_1
add_files -norecurse -scan_for_includes C:/Users/dilsh/Lab7/Lab7.srcs/sources_1/new/LUT_16_7.vhd
import_files -norecurse C:/Users/dilsh/Lab7/Lab7.srcs/sources_1/new/LUT_16_7.vhd
update_compile_order -fileset sources_1
close [ open C:/Users/dilsh/LAB10_New_New/LAB10_Dilshan_New/LAB10/LAB10.srcs/sources_1/new/R7_7_seg.vhd w ]
add_files C:/Users/dilsh/LAB10_New_New/LAB10_Dilshan_New/LAB10/LAB10.srcs/sources_1/new/R7_7_seg.vhd
update_compile_order -fileset sources_1
update_compile_order -fileset sources_1
exit
INFO: [Common 17-206] Exiting Vivado at Wed Jul 27 00:25:20 2022...
