#-----------------------------------------------------------
# Vivado v2018.2 (64-bit)
# SW Build 2258646 on Thu Jun 14 20:03:12 MDT 2018
# IP Build 2256618 on Thu Jun 14 22:10:49 MDT 2018
# Start of session at: Tue Jul 26 12:09:33 2022
# Process ID: 22444
# Current directory: C:/Users/dilsh/LAB10_New_New/LAB10_Dilshan_New/LAB10
# Command line: vivado.exe -gui_launcher_event rodinguilauncherevent58428 C:\Users\dilsh\LAB10_New_New\LAB10_Dilshan_New\LAB10\LAB10.xpr
# Log file: C:/Users/dilsh/LAB10_New_New/LAB10_Dilshan_New/LAB10/vivado.log
# Journal file: C:/Users/dilsh/LAB10_New_New/LAB10_Dilshan_New/LAB10\vivado.jou
#-----------------------------------------------------------
start_gui
open_project C:/Users/dilsh/LAB10_New_New/LAB10_Dilshan_New/LAB10/LAB10.xpr
CRITICAL WARNING: [Project 1-19] Could not find the file 'C:/Users/dilsh/TB_Processor_behav.wcfg'.
Scanning sources...
Finished scanning sources
INFO: [IP_Flow 19-234] Refreshing IP repositories
INFO: [IP_Flow 19-1704] No user IP repositories specified
INFO: [IP_Flow 19-2313] Loaded Vivado IP repository 'C:/Xilinx/Vivado/2018.2/data/ip'.
open_project: Time (s): cpu = 00:00:11 ; elapsed = 00:00:06 . Memory (MB): peak = 804.512 ; gain = 119.574
update_compile_order -fileset sources_1
exit
INFO: [Common 17-206] Exiting Vivado alaunch_simulation -simset TB_Processor
INFO: [Vivado 12-5682] Launching behavioral simulation in 'C:/Users/dilsh/LAB10_New_New/LAB10_Dilshan_New/LAB10/LAB10.sim/TB_Processor/behav/xsim'
INFO: [SIM-utils-51] Simulation object is 'TB_Processor'
INFO: [SIM-utils-54] Inspecting design source files for 'TB_Processor' in fileset 'TB_Processor'...
INFO: [USF-XSim-97] Finding global include files...
INFO: [USF-XSim-98] Fetching design files from 'TB_Processor'...
INFO: [USF-XSim-2] XSim::Compile design
INFO: [USF-XSim-61] Executing 'COMPILE and ANALYZE' step in 'C:/Users/dilsh/LAB10_New_New/LAB10_Dilshan_New/LAB10/LAB10.sim/TB_Processor/behav/xsim'
"xvhdl --incr --relax -prj TB_Processor_vhdl.prj"
INFO: [USF-XSim-69] 'compile' step finished in '1' seconds
INFO: [USF-XSim-3] XSim::Elaborate design
INFO: [USF-XSim-61] Executing 'ELABORATE' step in 'C:/Users/dilsh/LAB10_New_New/LAB10_Dilshan_New/LAB10/LAB10.sim/TB_Processor/behav/xsim'
Vivado Simulator 2018.2
Copyright 1986-1999, 2001-2018 Xilinx, Inc. All Rights Reserved.
Running: C:/Xilinx/Vivado/2018.2/bin/unwrapped/win64.o/xelab.exe -wto f330702f431647419194c50ab3747a93 --incr --debug typical --relax --mt 2 -L xil_defaultlib -L secureip --snapshot TB_Processor_behav xil_defaultlib.TB_Processor -log elaborate.log 
Using 2 slave threads.
Starting static elaboration
Completed static elaboration
INFO: [XSIM 43-4323] No Change in HDL. Linking previously generated obj files to create kernel
INFO: [USF-XSim-69] 'elaborate' step finished in '2' seconds
INFO: [USF-XSim-4] XSim::Simulate design
WARNING: [USF-XSim-17] WCFG file does not exist:C:/Users/dilsh/TB_Processor_behav.wcfg
WARNING: [USF-XSim-17] WCFG file does not exist:C:/Users/dilsh/TB_Processor_behav.wcfg
INFO: [USF-XSim-61] Executing 'SIMULATE' step in 'C:/Users/dilsh/LAB10_New_New/LAB10_Dilshan_New/LAB10/LAB10.sim/TB_Processor/behav/xsim'
INFO: [USF-XSim-98] *** Running xsim
   with args "TB_Processor_behav -key {Behavioral:TB_Processor:Functional:TB_Processor} -tclbatch {TB_Processor.tcl} -view {C:/Users/dilsh/LAB10_New_New/LAB10_Dilshan_New/LAB10/TB_Processor_behav.wcfg} -log {simulate.log}"
INFO: [USF-XSim-8] Loading simulator feature
Vivado Simulator 2018.2
Time resolution is 1 ps
open_wave_config C:/Users/dilsh/LAB10_New_New/LAB10_Dilshan_New/LAB10/TB_Processor_behav.wcfg
source TB_Processor.tcl
# set curr_wave [current_wave_config]
# if { [string length $curr_wave] == 0 } {
#   if { [llength [get_objects]] > 0} {
#     add_wave /
#     set_property needs_save false [current_wave_config]
#   } else {
#      send_msg_id Add_Wave-1 WARNING "No top level signals found. Simulator will start without a wave window. If you want to open a wave window go to 'File->New Waveform Configuration' or type 'create_wave_config' in the TCL console."
#   }
# }
# run 1000ns
INFO: [USF-XSim-96] XSim completed. Design snapshot 'TB_Processor_behav' loaded.
INFO: [USF-XSim-97] XSim simulation ran for 1000ns
launch_simulation: Time (s): cpu = 00:00:05 ; elapsed = 00:00:05 . Memory (MB): peak = 906.352 ; gain = 12.594
update_compile_order -fileset TB_Processor
close_sim
INFO: [Simtcl 6-16] Simulation closed
launch_simulation -simset TB_Processor
INFO: [Vivado 12-5682] Launching behavioral simulation in 'C:/Users/dilsh/LAB10_New_New/LAB10_Dilshan_New/LAB10/LAB10.sim/TB_Processor/behav/xsim'
INFO: [SIM-utils-51] Simulation object is 'TB_Processor'
INFO: [SIM-utils-54] Inspecting design source files for 'TB_Processor' in fileset 'TB_Processor'...
INFO: [USF-XSim-97] Finding global include files...
INFO: [USF-XSim-98] Fetching design files from 'TB_Processor'...
INFO: [USF-XSim-2] XSim::Compile design
INFO: [USF-XSim-61] Executing 'COMPILE and ANALYZE' step in 'C:/Users/dilsh/LAB10_New_New/LAB10_Dilshan_New/LAB10/LAB10.sim/TB_Processor/behav/xsim'
"xvhdl --incr --relax -prj TB_Processor_vhdl.prj"
INFO: [VRFC 10-163] Analyzing VHDL file "C:/Users/dilsh/LAB10_New_New/LAB10_Dilshan_New/LAB10/LAB10.srcs/sources_1/imports/new/Program_ROM.vhd" into library xil_defaultlib
INFO: [VRFC 10-307] analyzing entity Program_ROM
INFO: [USF-XSim-69] 'compile' step finished in '1' seconds
INFO: [USF-XSim-3] XSim::Elaborate design
INFO: [USF-XSim-61] Executing 'ELABORATE' step in 'C:/Users/dilsh/LAB10_New_New/LAB10_Dilshan_New/LAB10/LAB10.sim/TB_Processor/behav/xsim'
Vivado Simulator 2018.2
Copyright 1986-1999, 2001-2018 Xilinx, Inc. All Rights Reserved.
Running: C:/Xilinx/Vivado/2018.2/bin/unwrapped/win64.o/xelab.exe -wto f330702f431647419194c50ab3747a93 --incr --debug typical --relax --mt 2 -L xil_defaultlib -L secureip --snapshot TB_Processor_behav xil_defaultlib.TB_Processor -log elaborate.log 
Using 2 slave threads.
Starting static elaboration
Completed static elaboration
Starting simulation data flow analysis
Completed simulation data flow analysis
Time Resolution for simulation is 1ps
Compiling package std.standard
Compiling package std.textio
Compiling package ieee.std_logic_1164
Compiling package ieee.numeric_std
Compiling architecture behavioral of entity xil_defaultlib.Slow_Clk [slow_clk_default]
Compiling architecture behavioral of entity xil_defaultlib.Decoder_2_to_4 [decoder_2_to_4_default]
Compiling architecture behavioral of entity xil_defaultlib.Decoder_3_to_8 [decoder_3_to_8_default]
Compiling architecture behavioral of entity xil_defaultlib.Reg [reg_default]
Compiling architecture behavioral of entity xil_defaultlib.Register_bank [register_bank_default]
Compiling architecture behavioral of entity xil_defaultlib.Mux_2way_3bit [mux_2way_3bit_default]
Compiling architecture behavioral of entity xil_defaultlib.Mux_2way_4bit [mux_2way_4bit_default]
Compiling architecture behavioral of entity xil_defaultlib.quad_tri_state_buffer [quad_tri_state_buffer_default]
Compiling architecture behavioral of entity xil_defaultlib.Mux_8way_4bit [mux_8way_4bit_default]
Compiling architecture behavioral of entity xil_defaultlib.HA [ha_default]
Compiling architecture behavioral of entity xil_defaultlib.FA [fa_default]
Compiling architecture behavioral of entity xil_defaultlib.AddSubUnitBit_4 [addsubunitbit_4_default]
Compiling architecture behavioral of entity xil_defaultlib.Instruction_Decoder [instruction_decoder_default]
Compiling architecture behavioral of entity xil_defaultlib.Program_ROM [program_rom_default]
Compiling architecture behavioral of entity xil_defaultlib.AdderBit_3 [adderbit_3_default]
Compiling architecture behavioral of entity xil_defaultlib.Program_counter [program_counter_default]
Compiling architecture behavioral of entity xil_defaultlib.Processor [processor_default]
Compiling architecture behavioral of entity xil_defaultlib.tb_processor
Built simulation snapshot TB_Processor_behav
INFO: [USF-XSim-69] 'elaborate' step finished in '2' seconds
INFO: [USF-XSim-4] XSim::Simulate design
WARNING: [USF-XSim-17] WCFG file does not exist:C:/Users/dilsh/TB_Processor_behav.wcfg
WARNING: [USF-XSim-17] WCFG file does not exist:C:/Users/dilsh/TB_Processor_behav.wcfg
INFO: [USF-XSim-61] Executing 'SIMULATE' step in 'C:/Users/dilsh/LAB10_New_New/LAB10_Dilshan_New/LAB10/LAB10.sim/TB_Processor/behav/xsim'
INFO: [USF-XSim-98] *** Running xsim
   with args "TB_Processor_behav -key {Behavioral:TB_Processor:Functional:TB_Processor} -tclbatch {TB_Processor.tcl} -view {C:/Users/dilsh/LAB10_New_New/LAB10_Dilshan_New/LAB10/TB_Processor_behav.wcfg} -log {simulate.log}"
INFO: [USF-XSim-8] Loading simulator feature
Vivado Simulator 2018.2
Time resolution is 1 ps
open_wave_config C:/Users/dilsh/LAB10_New_New/LAB10_Dilshan_New/LAB10/TB_Processor_behav.wcfg
source TB_Processor.tcl
# set curr_wave [current_wave_config]
# if { [string length $curr_wave] == 0 } {
#   if { [llength [get_objects]] > 0} {
#     add_wave /
#     set_property needs_save false [current_wave_config]
#   } else {
#      send_msg_id Add_Wave-1 WARNING "No top level signals found. Simulator will start without a wave window. If you want to open a wave window go to 'File->New Waveform Configuration' or type 'create_wave_config' in the TCL console."
#   }
# }
# run 1000ns
INFO: [USF-XSim-96] XSim completed. Design snapshot 'TB_Processor_behav' loaded.
INFO: [USF-XSim-97] XSim simulation ran for 1000ns
launch_simulation: Time (s): cpu = 00:00:03 ; elapsed = 00:00:05 . Memory (MB): peak = 920.562 ; gain = 0.000
current_wave_config {TB_Processor_behav.wcfg}
TB_Processor_behav.wcfg
add_wave {{/TB_Processor/UUT/AddSubUnitBit_40}} 
current_wave_config {TB_Processor_behav.wcfg}
TB_Processor_behav.wcfg
add_wave {{/TB_Processor/UUT/AddSubUnitBit_40/AddSub_Select}} 
current_wave_config {TB_Processor_behav.wcfg}
TB_Processor_behav.wcfg
add_wave {{/TB_Processor/UUT/AddSubUnitBit_40/S}} 
save_wave_config {C:/Users/dilsh/LAB10_New_New/LAB10_Dilshan_New/LAB10/TB_Processor_behav.wcfg}
close_sim
INFO: [Simtcl 6-16] Simulation closed
launch_simulation -simset TB_Processor
INFO: [Vivado 12-5682] Launching behavioral simulation in 'C:/Users/dilsh/LAB10_New_New/LAB10_Dilshan_New/LAB10/LAB10.sim/TB_Processor/behav/xsim'
INFO: [SIM-utils-51] Simulation object is 'TB_Processor'
INFO: [SIM-utils-54] Inspecting design source files for 'TB_Processor' in fileset 'TB_Processor'...
INFO: [USF-XSim-97] Finding global include files...
INFO: [USF-XSim-98] Fetching design files from 'TB_Processor'...
INFO: [USF-XSim-2] XSim::Compile design
INFO: [USF-XSim-61] Executing 'COMPILE and ANALYZE' step in 'C:/Users/dilsh/LAB10_New_New/LAB10_Dilshan_New/LAB10/LAB10.sim/TB_Processor/behav/xsim'
"xvhdl --incr --relax -prj TB_Processor_vhdl.prj"
INFO: [USF-XSim-69] 'compile' step finished in '1' seconds
INFO: [USF-XSim-3] XSim::Elaborate design
INFO: [USF-XSim-61] Executing 'ELABORATE' step in 'C:/Users/dilsh/LAB10_New_New/LAB10_Dilshan_New/LAB10/LAB10.sim/TB_Processor/behav/xsim'
Vivado Simulator 2018.2
Copyright 1986-1999, 2001-2018 Xilinx, Inc. All Rights Reserved.
Running: C:/Xilinx/Vivado/2018.2/bin/unwrapped/win64.o/xelab.exe -wto f330702f431647419194c50ab3747a93 --incr --debug typical --relax --mt 2 -L xil_defaultlib -L secureip --snapshot TB_Processor_behav xil_defaultlib.TB_Processor -log elaborate.log 
Using 2 slave threads.
Starting static elaboration
Completed static elaboration
INFO: [XSIM 43-4323] No Change in HDL. Linking previously generated obj files to create kernel
INFO: [USF-XSim-69] 'elaborate' step finished in '1' seconds
INFO: [USF-XSim-4] XSim::Simulate design
WARNING: [USF-XSim-17] WCFG file does not exist:C:/Users/dilsh/TB_Processor_behav.wcfg
WARNING: [USF-XSim-17] WCFG file does not exist:C:/Users/dilsh/TB_Processor_behav.wcfg
INFO: [USF-XSim-61] Executing 'SIMULATE' step in 'C:/Users/dilsh/LAB10_New_New/LAB10_Dilshan_New/LAB10/LAB10.sim/TB_Processor/behav/xsim'
INFO: [USF-XSim-98] *** Running xsim
   with args "TB_Processor_behav -key {Behavioral:TB_Processor:Functional:TB_Processor} -tclbatch {TB_Processor.tcl} -view {C:/Users/dilsh/LAB10_New_New/LAB10_Dilshan_New/LAB10/TB_Processor_behav.wcfg} -log {simulate.log}"
INFO: [USF-XSim-8] Loading simulator feature
Vivado Simulator 2018.2
Time resolution is 1 ps
open_wave_config C:/Users/dilsh/LAB10_New_New/LAB10_Dilshan_New/LAB10/TB_Processor_behav.wcfg
source TB_Processor.tcl
# set curr_wave [current_wave_config]
# if { [string length $curr_wave] == 0 } {
#   if { [llength [get_objects]] > 0} {
#     add_wave /
#     set_property needs_save false [current_wave_config]
#   } else {
#      send_msg_id Add_Wave-1 WARNING "No top level signals found. Simulator will start without a wave window. If you want to open a wave window go to 'File->New Waveform Configuration' or type 'create_wave_config' in the TCL console."
#   }
# }
# run 1000ns
INFO: [USF-XSim-96] XSim completed. Design snapshot 'TB_Processor_behav' loaded.
INFO: [USF-XSim-97] XSim simulation ran for 1000ns
current_wave_config {TB_Processor_behav.wcfg}
TB_Processor_behav.wcfg
add_wave {{/TB_Processor/UUT/Mux_2way_4bit0/LoadSelect}} 
save_wave_config {C:/Users/dilsh/LAB10_New_New/LAB10_Dilshan_New/LAB10/TB_Processor_behav.wcfg}
close_sim
INFO: [Simtcl 6-16] Simulation closed
launch_simulation -simset TB_Processor
INFO: [Vivado 12-5682] Launching behavioral simulation in 'C:/Users/dilsh/LAB10_New_New/LAB10_Dilshan_New/LAB10/LAB10.sim/TB_Processor/behav/xsim'
INFO: [SIM-utils-51] Simulation object is 'TB_Processor'
INFO: [SIM-utils-54] Inspecting design source files for 'TB_Processor' in fileset 'TB_Processor'...
INFO: [USF-XSim-97] Finding global include files...
INFO: [USF-XSim-98] Fetching design files from 'TB_Processor'...
INFO: [USF-XSim-2] XSim::Compile design
INFO: [USF-XSim-61] Executing 'COMPILE and ANALYZE' step in 'C:/Users/dilsh/LAB10_New_New/LAB10_Dilshan_New/LAB10/LAB10.sim/TB_Processor/behav/xsim'
"xvhdl --incr --relax -prj TB_Processor_vhdl.prj"
INFO: [USF-XSim-69] 'compile' step finished in '1' seconds
INFO: [USF-XSim-3] XSim::Elaborate design
INFO: [USF-XSim-61] Executing 'ELABORATE' step in 'C:/Users/dilsh/LAB10_New_New/LAB10_Dilshan_New/LAB10/LAB10.sim/TB_Processor/behav/xsim'
Vivado Simulator 2018.2
Copyright 1986-1999, 2001-2018 Xilinx, Inc. All Rights Reserved.
Running: C:/Xilinx/Vivado/2018.2/bin/unwrapped/win64.o/xelab.exe -wto f330702f431647419194c50ab3747a93 --incr --debug typical --relax --mt 2 -L xil_defaultlib -L secureip --snapshot TB_Processor_behav xil_defaultlib.TB_Processor -log elaborate.log 
Using 2 slave threads.
Starting static elaboration
Completed static elaboration
INFO: [XSIM 43-4323] No Change in HDL. Linking previously generated obj files to create kernel
INFO: [USF-XSim-69] 'elaborate' step finished in '1' seconds
INFO: [USF-XSim-4] XSim::Simulate design
WARNING: [USF-XSim-17] WCFG file does not exist:C:/Users/dilsh/TB_Processor_behav.wcfg
WARNING: [USF-XSim-17] WCFG file does not exist:C:/Users/dilsh/TB_Processor_behav.wcfg
INFO: [USF-XSim-61] Executing 'SIMULATE' step in 'C:/Users/dilsh/LAB10_New_New/LAB10_Dilshan_New/LAB10/LAB10.sim/TB_Processor/behav/xsim'
INFO: [USF-XSim-98] *** Running xsim
   with args "TB_Processor_behav -key {Behavioral:TB_Processor:Functional:TB_Processor} -tclbatch {TB_Processor.tcl} -view {C:/Users/dilsh/LAB10_New_New/LAB10_Dilshan_New/LAB10/TB_Processor_behav.wcfg} -log {simulate.log}"
INFO: [USF-XSim-8] Loading simulator feature
Vivado Simulator 2018.2
Time resolution is 1 ps
open_wave_config C:/Users/dilsh/LAB10_New_New/LAB10_Dilshan_New/LAB10/TB_Processor_behav.wcfg
source TB_Processor.tcl
# set curr_wave [current_wave_config]
# if { [string length $curr_wave] == 0 } {
#   if { [llength [get_objects]] > 0} {
#     add_wave /
#     set_property needs_save false [current_wave_config]
#   } else {
#      send_msg_id Add_Wave-1 WARNING "No top level signals found. Simulator will start without a wave window. If you want to open a wave window go to 'File->New Waveform Configuration' or type 'create_wave_config' in the TCL console."
#   }
# }
# run 1000ns
INFO: [USF-XSim-96] XSim completed. Design snapshot 'TB_Processor_behav' loaded.
INFO: [USF-XSim-97] XSim simulation ran for 1000ns
close_sim
INFO: [Simtcl 6-16] Simulation closed
launch_simulation -simset TB_Processor
INFO: [Vivado 12-5682] Launching behavioral simulation in 'C:/Users/dilsh/LAB10_New_New/LAB10_Dilshan_New/LAB10/LAB10.sim/TB_Processor/behav/xsim'
INFO: [SIM-utils-51] Simulation object is 'TB_Processor'
INFO: [SIM-utils-54] Inspecting design source files for 'TB_Processor' in fileset 'TB_Processor'...
INFO: [USF-XSim-97] Finding global include files...
INFO: [USF-XSim-98] Fetching design files from 'TB_Processor'...
INFO: [USF-XSim-2] XSim::Compile design
INFO: [USF-XSim-61] Executing 'COMPILE and ANALYZE' step in 'C:/Users/dilsh/LAB10_New_New/LAB10_Dilshan_New/LAB10/LAB10.sim/TB_Processor/behav/xsim'
"xvhdl --incr --relax -prj TB_Processor_vhdl.prj"
INFO: [VRFC 10-163] Analyzing VHDL file "C:/Users/dilsh/LAB10_New_New/LAB10_Dilshan_New/LAB10/LAB10.srcs/sources_1/new/Processor.vhd" into library xil_defaultlib
INFO: [VRFC 10-307] analyzing entity Processor
INFO: [USF-XSim-69] 'compile' step finished in '1' seconds
INFO: [USF-XSim-3] XSim::Elaborate design
INFO: [USF-XSim-61] Executing 'ELABORATE' step in 'C:/Users/dilsh/LAB10_New_New/LAB10_Dilshan_New/LAB10/LAB10.sim/TB_Processor/behav/xsim'
Vivado Simulator 2018.2
Copyright 1986-1999, 2001-2018 Xilinx, Inc. All Rights Reserved.
Running: C:/Xilinx/Vivado/2018.2/bin/unwrapped/win64.o/xelab.exe -wto f330702f431647419194c50ab3747a93 --incr --debug typical --relax --mt 2 -L xil_defaultlib -L secureip --snapshot TB_Processor_behav xil_defaultlib.TB_Processor -log elaborate.log 
Using 2 slave threads.
Starting static elaboration
Completed static elaboration
Starting simulation data flow analysis
Completed simulation data flow analysis
Time Resolution for simulation is 1ps
Compiling package std.standard
Compiling package std.textio
Compiling package ieee.std_logic_1164
Compiling package ieee.numeric_std
Compiling architecture behavioral of entity xil_defaultlib.Slow_Clk [slow_clk_default]
Compiling architecture behavioral of entity xil_defaultlib.Decoder_2_to_4 [decoder_2_to_4_default]
Compiling architecture behavioral of entity xil_defaultlib.Decoder_3_to_8 [decoder_3_to_8_default]
Compiling architecture behavioral of entity xil_defaultlib.Reg [reg_default]
Compiling architecture behavioral of entity xil_defaultlib.Register_bank [register_bank_default]
Compiling architecture behavioral of entity xil_defaultlib.Mux_2way_3bit [mux_2way_3bit_default]
Compiling architecture behavioral of entity xil_defaultlib.Mux_2way_4bit [mux_2way_4bit_default]
Compiling architecture behavioral of entity xil_defaultlib.quad_tri_state_buffer [quad_tri_state_buffer_default]
Compiling architecture behavioral of entity xil_defaultlib.Mux_8way_4bit [mux_8way_4bit_default]
Compiling architecture behavioral of entity xil_defaultlib.HA [ha_default]
Compiling architecture behavioral of entity xil_defaultlib.FA [fa_default]
Compiling architecture behavioral of entity xil_defaultlib.AddSubUnitBit_4 [addsubunitbit_4_default]
Compiling architecture behavioral of entity xil_defaultlib.Instruction_Decoder [instruction_decoder_default]
Compiling architecture behavioral of entity xil_defaultlib.Program_ROM [program_rom_default]
Compiling architecture behavioral of entity xil_defaultlib.AdderBit_3 [adderbit_3_default]
Compiling architecture behavioral of entity xil_defaultlib.Program_counter [program_counter_default]
Compiling architecture behavioral of entity xil_defaultlib.Processor [processor_default]
Compiling architecture behavioral of entity xil_defaultlib.tb_processor
Built simulation snapshot TB_Processor_behav
INFO: [USF-XSim-69] 'elaborate' step finished in '1' seconds
INFO: [USF-XSim-4] XSim::Simulate design
WARNING: [USF-XSim-17] WCFG file does not exist:C:/Users/dilsh/TB_Processor_behav.wcfg
WARNING: [USF-XSim-17] WCFG file does not exist:C:/Users/dilsh/TB_Processor_behav.wcfg
INFO: [USF-XSim-61] Executing 'SIMULATE' step in 'C:/Users/dilsh/LAB10_New_New/LAB10_Dilshan_New/LAB10/LAB10.sim/TB_Processor/behav/xsim'
INFO: [USF-XSim-98] *** Running xsim
   with args "TB_Processor_behav -key {Behavioral:TB_Processor:Functional:TB_Processor} -tclbatch {TB_Processor.tcl} -view {C:/Users/dilsh/LAB10_New_New/LAB10_Dilshan_New/LAB10/TB_Processor_behav.wcfg} -log {simulate.log}"
INFO: [USF-XSim-8] Loading simulator feature
Vivado Simulator 2018.2
Time resolution is 1 ps
open_wave_config C:/Users/dilsh/LAB10_New_New/LAB10_Dilshan_New/LAB10/TB_Processor_behav.wcfg
source TB_Processor.tcl
# set curr_wave [current_wave_config]
# if { [string length $curr_wave] == 0 } {
#   if { [llength [get_objects]] > 0} {
#     add_wave /
#     set_property needs_save false [current_wave_config]
#   } else {
#      send_msg_id Add_Wave-1 WARNING "No top level signals found. Simulator will start without a wave window. If you want to open a wave window go to 'File->New Waveform Configuration' or type 'create_wave_config' in the TCL console."
#   }
# }
# run 1000ns
INFO: [USF-XSim-96] XSim completed. Design snapshot 'TB_Processor_behav' loaded.
INFO: [USF-XSim-97] XSim simulation ran for 1000ns
update_compile_order -fileset TB_Processor
update_compile_order -fileset TB_Processor
close_sim
INFO: [Simtcl 6-16] Simulation closed
launch_simulation -simset TB_Processor
INFO: [Vivado 12-5682] Launching behavioral simulation in 'C:/Users/dilsh/LAB10_New_New/LAB10_Dilshan_New/LAB10/LAB10.sim/TB_Processor/behav/xsim'
INFO: [SIM-utils-51] Simulation object is 'TB_Processor'
INFO: [SIM-utils-54] Inspecting design source files for 'TB_Processor' in fileset 'TB_Processor'...
INFO: [USF-XSim-97] Finding global include files...
INFO: [USF-XSim-98] Fetching design files from 'TB_Processor'...
INFO: [USF-XSim-2] XSim::Compile design
INFO: [USF-XSim-61] Executing 'COMPILE and ANALYZE' step in 'C:/Users/dilsh/LAB10_New_New/LAB10_Dilshan_New/LAB10/LAB10.sim/TB_Processor/behav/xsim'
"xvhdl --incr --relax -prj TB_Processor_vhdl.prj"
INFO: [VRFC 10-163] Analyzing VHDL file "C:/Users/dilsh/LAB10_New_New/LAB10_Dilshan_New/LAB10/LAB10.srcs/sources_1/imports/new/Program_ROM.vhd" into library xil_defaultlib
INFO: [VRFC 10-307] analyzing entity Program_ROM
INFO: [USF-XSim-69] 'compile' step finished in '1' seconds
INFO: [USF-XSim-3] XSim::Elaborate design
INFO: [USF-XSim-61] Executing 'ELABORATE' step in 'C:/Users/dilsh/LAB10_New_New/LAB10_Dilshan_New/LAB10/LAB10.sim/TB_Processor/behav/xsim'
Vivado Simulator 2018.2
Copyright 1986-1999, 2001-2018 Xilinx, Inc. All Rights Reserved.
Running: C:/Xilinx/Vivado/2018.2/bin/unwrapped/win64.o/xelab.exe -wto f330702f431647419194c50ab3747a93 --incr --debug typical --relax --mt 2 -L xil_defaultlib -L secureip --snapshot TB_Processor_behav xil_defaultlib.TB_Processor -log elaborate.log 
Using 2 slave threads.
Starting static elaboration
Completed static elaboration
Starting simulation data flow analysis
Completed simulation data flow analysis
Time Resolution for simulation is 1ps
Compiling package std.standard
Compiling package std.textio
Compiling package ieee.std_logic_1164
Compiling package ieee.numeric_std
Compiling architecture behavioral of entity xil_defaultlib.Slow_Clk [slow_clk_default]
Compiling architecture behavioral of entity xil_defaultlib.Decoder_2_to_4 [decoder_2_to_4_default]
Compiling architecture behavioral of entity xil_defaultlib.Decoder_3_to_8 [decoder_3_to_8_default]
Compiling architecture behavioral of entity xil_defaultlib.Reg [reg_default]
Compiling architecture behavioral of entity xil_defaultlib.Register_bank [register_bank_default]
Compiling architecture behavioral of entity xil_defaultlib.Mux_2way_3bit [mux_2way_3bit_default]
Compiling architecture behavioral of entity xil_defaultlib.Mux_2way_4bit [mux_2way_4bit_default]
Compiling architecture behavioral of entity xil_defaultlib.quad_tri_state_buffer [quad_tri_state_buffer_default]
Compiling architecture behavioral of entity xil_defaultlib.Mux_8way_4bit [mux_8way_4bit_default]
Compiling architecture behavioral of entity xil_defaultlib.HA [ha_default]
Compiling architecture behavioral of entity xil_defaultlib.FA [fa_default]
Compiling architecture behavioral of entity xil_defaultlib.AddSubUnitBit_4 [addsubunitbit_4_default]
Compiling architecture behavioral of entity xil_defaultlib.Instruction_Decoder [instruction_decoder_default]
Compiling architecture behavioral of entity xil_defaultlib.Program_ROM [program_rom_default]
Compiling architecture behavioral of entity xil_defaultlib.AdderBit_3 [adderbit_3_default]
Compiling architecture behavioral of entity xil_defaultlib.Program_counter [program_counter_default]
Compiling architecture behavioral of entity xil_defaultlib.Processor [processor_default]
Compiling architecture behavioral of entity xil_defaultlib.tb_processor
Built simulation snapshot TB_Processor_behav
INFO: [USF-XSim-69] 'elaborate' step finished in '2' seconds
INFO: [USF-XSim-4] XSim::Simulate design
WARNING: [USF-XSim-17] WCFG file does not exist:C:/Users/dilsh/TB_Processor_behav.wcfg
WARNING: [USF-XSim-17] WCFG file does not exist:C:/Users/dilsh/TB_Processor_behav.wcfg
INFO: [USF-XSim-61] Executing 'SIMULATE' step in 'C:/Users/dilsh/LAB10_New_New/LAB10_Dilshan_New/LAB10/LAB10.sim/TB_Processor/behav/xsim'
INFO: [USF-XSim-98] *** Running xsim
   with args "TB_Processor_behav -key {Behavioral:TB_Processor:Functional:TB_Processor} -tclbatch {TB_Processor.tcl} -view {C:/Users/dilsh/LAB10_New_New/LAB10_Dilshan_New/LAB10/TB_Processor_behav.wcfg} -log {simulate.log}"
INFO: [USF-XSim-8] Loading simulator feature
Vivado Simulator 2018.2
Time resolution is 1 ps
open_wave_config C:/Users/dilsh/LAB10_New_New/LAB10_Dilshan_New/LAB10/TB_Processor_behav.wcfg
source TB_Processor.tcl
# set curr_wave [current_wave_config]
# if { [string length $curr_wave] == 0 } {
#   if { [llength [get_objects]] > 0} {
#     add_wave /
#     set_property needs_save false [current_wave_config]
#   } else {
#      send_msg_id Add_Wave-1 WARNING "No top level signals found. Simulator will start without a wave window. If you want to open a wave window go to 'File->New Waveform Configuration' or type 'create_wave_config' in the TCL console."
#   }
# }
# run 1000ns
INFO: [USF-XSim-96] XSim completed. Design snapshot 'TB_Processor_behav' loaded.
INFO: [USF-XSim-97] XSim simulation ran for 1000ns
close_sim
INFO: [Simtcl 6-16] Simulation closed
exit
INFO: [Common 17-206] Exiting Vivado at Tue Jul 26 12:28:44 2022...
