Copyright 1986-2018 Xilinx, Inc. All Rights Reserved.
--------------------------------------------------------------------------------------------------------------------------------------------------------------------------------------------------
| Tool Version : Vivado v.2018.2 (win64) Build 2258646 Thu Jun 14 20:03:12 MDT 2018
| Date         : Fri Jul 29 13:34:08 2022
| Host         : Chamaru-XPS running 64-bit major release  (build 9200)
| Command      : report_timing_summary -max_paths 10 -file Processor_timing_summary_routed.rpt -pb Processor_timing_summary_routed.pb -rpx Processor_timing_summary_routed.rpx -warn_on_violation
| Design       : Processor
| Device       : 7a35t-cpg236
| Speed File   : -1  PRODUCTION 1.22 2018-03-21
--------------------------------------------------------------------------------------------------------------------------------------------------------------------------------------------------

Timing Summary Report

------------------------------------------------------------------------------------------------
| Timer Settings
| --------------
------------------------------------------------------------------------------------------------

  Enable Multi Corner Analysis               :  Yes
  Enable Pessimism Removal                   :  Yes
  Pessimism Removal Resolution               :  Nearest Common Node
  Enable Input Delay Default Clock           :  No
  Enable Preset / Clear Arcs                 :  No
  Disable Flight Delays                      :  No
  Ignore I/O Paths                           :  No
  Timing Early Launch at Borrowing Latches   :  false

  Corner  Analyze    Analyze    
  Name    Max Paths  Min Paths  
  ------  ---------  ---------  
  Slow    Yes        Yes        
  Fast    Yes        Yes        



check_timing report

Table of Contents
-----------------
1. checking no_clock
2. checking constant_clock
3. checking pulse_width_clock
4. checking unconstrained_internal_endpoints
5. checking no_input_delay
6. checking no_output_delay
7. checking multiple_clock
8. checking generated_clocks
9. checking loops
10. checking partial_input_delay
11. checking partial_output_delay
12. checking latch_loops

1. checking no_clock
--------------------
 There are 16 register/latch pins with no clock driven by root clock pin: Slow_Clk0/Clk_out_reg/Q (HIGH)


2. checking constant_clock
--------------------------
 There are 0 register/latch pins with constant_clock.


3. checking pulse_width_clock
-----------------------------
 There are 0 register/latch pins which need pulse_width check


4. checking unconstrained_internal_endpoints
--------------------------------------------
 There are 42 pins that are not constrained for maximum delay. (HIGH)

 There are 0 pins that are not constrained for maximum delay due to constant clock.


5. checking no_input_delay
--------------------------
 There is 1 input port with no input delay specified. (HIGH)

 There are 0 input ports with no input delay but user has a false path constraint.


6. checking no_output_delay
---------------------------
 There are 13 ports with no output delay specified. (HIGH)

 There are 0 ports with no output delay but user has a false path constraint

 There are 0 ports with no output delay but with a timing clock defined on it or propagating through it


7. checking multiple_clock
--------------------------
 There are 0 register/latch pins with multiple clocks.


8. checking generated_clocks
----------------------------
 There are 0 generated clocks that are not connected to a clock source.


9. checking loops
-----------------
 There are 0 combinational loops in the design.


10. checking partial_input_delay
--------------------------------
 There are 0 input ports with partial input delay specified.


11. checking partial_output_delay
---------------------------------
 There are 0 ports with partial output delay specified.


12. checking latch_loops
------------------------
 There are 0 combinational latch loops in the design through latch input



------------------------------------------------------------------------------------------------
| Design Timing Summary
| ---------------------
------------------------------------------------------------------------------------------------

    WNS(ns)      TNS(ns)  TNS Failing Endpoints  TNS Total Endpoints      WHS(ns)      THS(ns)  THS Failing Endpoints  THS Total Endpoints     WPWS(ns)     TPWS(ns)  TPWS Failing Endpoints  TPWS Total Endpoints  
    -------      -------  ---------------------  -------------------      -------      -------  ---------------------  -------------------     --------     --------  ----------------------  --------------------  
      5.272        0.000                      0                   65        0.264        0.000                      0                   65        4.500        0.000                       0                    35  


All user specified timing constraints are met.


------------------------------------------------------------------------------------------------
| Clock Summary
| -------------
------------------------------------------------------------------------------------------------

Clock        Waveform(ns)       Period(ns)      Frequency(MHz)
-----        ------------       ----------      --------------
sys_clk_pin  {0.000 5.000}      10.000          100.000         


------------------------------------------------------------------------------------------------
| Intra Clock Table
| -----------------
------------------------------------------------------------------------------------------------

Clock             WNS(ns)      TNS(ns)  TNS Failing Endpoints  TNS Total Endpoints      WHS(ns)      THS(ns)  THS Failing Endpoints  THS Total Endpoints     WPWS(ns)     TPWS(ns)  TPWS Failing Endpoints  TPWS Total Endpoints  
-----             -------      -------  ---------------------  -------------------      -------      -------  ---------------------  -------------------     --------     --------  ----------------------  --------------------  
sys_clk_pin         5.272        0.000                      0                   65        0.264        0.000                      0                   65        4.500        0.000                       0                    35  


------------------------------------------------------------------------------------------------
| Inter Clock Table
| -----------------
------------------------------------------------------------------------------------------------

From Clock    To Clock          WNS(ns)      TNS(ns)  TNS Failing Endpoints  TNS Total Endpoints      WHS(ns)      THS(ns)  THS Failing Endpoints  THS Total Endpoints  
----------    --------          -------      -------  ---------------------  -------------------      -------      -------  ---------------------  -------------------  


------------------------------------------------------------------------------------------------
| Other Path Groups Table
| -----------------------
------------------------------------------------------------------------------------------------

Path Group    From Clock    To Clock          WNS(ns)      TNS(ns)  TNS Failing Endpoints  TNS Total Endpoints      WHS(ns)      THS(ns)  THS Failing Endpoints  THS Total Endpoints  
----------    ----------    --------          -------      -------  ---------------------  -------------------      -------      -------  ---------------------  -------------------  


------------------------------------------------------------------------------------------------
| Timing Details
| --------------
------------------------------------------------------------------------------------------------


---------------------------------------------------------------------------------------------------
From Clock:  sys_clk_pin
  To Clock:  sys_clk_pin

Setup :            0  Failing Endpoints,  Worst Slack        5.272ns,  Total Violation        0.000ns
Hold  :            0  Failing Endpoints,  Worst Slack        0.264ns,  Total Violation        0.000ns
PW    :            0  Failing Endpoints,  Worst Slack        4.500ns,  Total Violation        0.000ns
---------------------------------------------------------------------------------------------------


Max Delay Paths
--------------------------------------------------------------------------------------
Slack (MET) :             5.272ns  (required time - arrival time)
  Source:                 Slow_Clk0/count_reg[19]/C
                            (rising edge-triggered cell FDRE clocked by sys_clk_pin  {rise@0.000ns fall@5.000ns period=10.000ns})
  Destination:            Slow_Clk0/count_reg[29]/R
                            (rising edge-triggered cell FDRE clocked by sys_clk_pin  {rise@0.000ns fall@5.000ns period=10.000ns})
  Path Group:             sys_clk_pin
  Path Type:              Setup (Max at Slow Process Corner)
  Requirement:            10.000ns  (sys_clk_pin rise@10.000ns - sys_clk_pin rise@0.000ns)
  Data Path Delay:        4.236ns  (logic 0.828ns (19.546%)  route 3.408ns (80.454%))
  Logic Levels:           3  (LUT4=2 LUT6=1)
  Clock Path Skew:        -0.028ns (DCD - SCD + CPR)
    Destination Clock Delay (DCD):    4.851ns = ( 14.851 - 10.000 ) 
    Source Clock Delay      (SCD):    5.153ns
    Clock Pessimism Removal (CPR):    0.274ns
  Clock Uncertainty:      0.035ns  ((TSJ^2 + TIJ^2)^1/2 + DJ) / 2 + PE
    Total System Jitter     (TSJ):    0.071ns
    Total Input Jitter      (TIJ):    0.000ns
    Discrete Jitter          (DJ):    0.000ns
    Phase Error              (PE):    0.000ns

    Location             Delay type                Incr(ns)  Path(ns)    Netlist Resource(s)
  -------------------------------------------------------------------    -------------------
                         (clock sys_clk_pin rise edge)
                                                      0.000     0.000 r  
    W5                                                0.000     0.000 r  Clk_In (IN)
                         net (fo=0)                   0.000     0.000    Clk_In
    W5                   IBUF (Prop_ibuf_I_O)         1.458     1.458 r  Clk_In_IBUF_inst/O
                         net (fo=1, routed)           1.967     3.425    Clk_In_IBUF
    BUFGCTRL_X0Y0        BUFG (Prop_bufg_I_O)         0.096     3.521 r  Clk_In_IBUF_BUFG_inst/O
                         net (fo=34, routed)          1.632     5.153    Slow_Clk0/Clk_In_IBUF_BUFG
    SLICE_X58Y14         FDRE                                         r  Slow_Clk0/count_reg[19]/C
  -------------------------------------------------------------------    -------------------
    SLICE_X58Y14         FDRE (Prop_fdre_C_Q)         0.456     5.609 f  Slow_Clk0/count_reg[19]/Q
                         net (fo=2, routed)           0.860     6.469    Slow_Clk0/count[19]
    SLICE_X59Y14         LUT4 (Prop_lut4_I0_O)        0.124     6.593 f  Slow_Clk0/count[0]_i_6/O
                         net (fo=1, routed)           0.634     7.227    Slow_Clk0/count[0]_i_6_n_0
    SLICE_X59Y15         LUT6 (Prop_lut6_I1_O)        0.124     7.351 f  Slow_Clk0/count[0]_i_2/O
                         net (fo=4, routed)           0.974     8.325    Slow_Clk0/count[0]_i_2_n_0
    SLICE_X59Y12         LUT4 (Prop_lut4_I1_O)        0.124     8.449 r  Slow_Clk0/count[31]_i_1/O
                         net (fo=31, routed)          0.940     9.389    Slow_Clk0/count[31]_i_1_n_0
    SLICE_X58Y17         FDRE                                         r  Slow_Clk0/count_reg[29]/R
  -------------------------------------------------------------------    -------------------

                         (clock sys_clk_pin rise edge)
                                                     10.000    10.000 r  
    W5                                                0.000    10.000 r  Clk_In (IN)
                         net (fo=0)                   0.000    10.000    Clk_In
    W5                   IBUF (Prop_ibuf_I_O)         1.388    11.388 r  Clk_In_IBUF_inst/O
                         net (fo=1, routed)           1.862    13.250    Clk_In_IBUF
    BUFGCTRL_X0Y0        BUFG (Prop_bufg_I_O)         0.091    13.341 r  Clk_In_IBUF_BUFG_inst/O
                         net (fo=34, routed)          1.510    14.851    Slow_Clk0/Clk_In_IBUF_BUFG
    SLICE_X58Y17         FDRE                                         r  Slow_Clk0/count_reg[29]/C
                         clock pessimism              0.274    15.125    
                         clock uncertainty           -0.035    15.090    
    SLICE_X58Y17         FDRE (Setup_fdre_C_R)       -0.429    14.661    Slow_Clk0/count_reg[29]
  -------------------------------------------------------------------
                         required time                         14.661    
                         arrival time                          -9.389    
  -------------------------------------------------------------------
                         slack                                  5.272    

Slack (MET) :             5.272ns  (required time - arrival time)
  Source:                 Slow_Clk0/count_reg[19]/C
                            (rising edge-triggered cell FDRE clocked by sys_clk_pin  {rise@0.000ns fall@5.000ns period=10.000ns})
  Destination:            Slow_Clk0/count_reg[30]/R
                            (rising edge-triggered cell FDRE clocked by sys_clk_pin  {rise@0.000ns fall@5.000ns period=10.000ns})
  Path Group:             sys_clk_pin
  Path Type:              Setup (Max at Slow Process Corner)
  Requirement:            10.000ns  (sys_clk_pin rise@10.000ns - sys_clk_pin rise@0.000ns)
  Data Path Delay:        4.236ns  (logic 0.828ns (19.546%)  route 3.408ns (80.454%))
  Logic Levels:           3  (LUT4=2 LUT6=1)
  Clock Path Skew:        -0.028ns (DCD - SCD + CPR)
    Destination Clock Delay (DCD):    4.851ns = ( 14.851 - 10.000 ) 
    Source Clock Delay      (SCD):    5.153ns
    Clock Pessimism Removal (CPR):    0.274ns
  Clock Uncertainty:      0.035ns  ((TSJ^2 + TIJ^2)^1/2 + DJ) / 2 + PE
    Total System Jitter     (TSJ):    0.071ns
    Total Input Jitter      (TIJ):    0.000ns
    Discrete Jitter          (DJ):    0.000ns
    Phase Error              (PE):    0.000ns

    Location             Delay type                Incr(ns)  Path(ns)    Netlist Resource(s)
  -------------------------------------------------------------------    -------------------
                         (clock sys_clk_pin rise edge)
                                                      0.000     0.000 r  
    W5                                                0.000     0.000 r  Clk_In (IN)
                         net (fo=0)                   0.000     0.000    Clk_In
    W5                   IBUF (Prop_ibuf_I_O)         1.458     1.458 r  Clk_In_IBUF_inst/O
                         net (fo=1, routed)           1.967     3.425    Clk_In_IBUF
    BUFGCTRL_X0Y0        BUFG (Prop_bufg_I_O)         0.096     3.521 r  Clk_In_IBUF_BUFG_inst/O
                         net (fo=34, routed)          1.632     5.153    Slow_Clk0/Clk_In_IBUF_BUFG
    SLICE_X58Y14         FDRE                                         r  Slow_Clk0/count_reg[19]/C
  -------------------------------------------------------------------    -------------------
    SLICE_X58Y14         FDRE (Prop_fdre_C_Q)         0.456     5.609 f  Slow_Clk0/count_reg[19]/Q
                         net (fo=2, routed)           0.860     6.469    Slow_Clk0/count[19]
    SLICE_X59Y14         LUT4 (Prop_lut4_I0_O)        0.124     6.593 f  Slow_Clk0/count[0]_i_6/O
                         net (fo=1, routed)           0.634     7.227    Slow_Clk0/count[0]_i_6_n_0
    SLICE_X59Y15         LUT6 (Prop_lut6_I1_O)        0.124     7.351 f  Slow_Clk0/count[0]_i_2/O
                         net (fo=4, routed)           0.974     8.325    Slow_Clk0/count[0]_i_2_n_0
    SLICE_X59Y12         LUT4 (Prop_lut4_I1_O)        0.124     8.449 r  Slow_Clk0/count[31]_i_1/O
                         net (fo=31, routed)          0.940     9.389    Slow_Clk0/count[31]_i_1_n_0
    SLICE_X58Y17         FDRE                                         r  Slow_Clk0/count_reg[30]/R
  -------------------------------------------------------------------    -------------------

                         (clock sys_clk_pin rise edge)
                                                     10.000    10.000 r  
    W5                                                0.000    10.000 r  Clk_In (IN)
                         net (fo=0)                   0.000    10.000    Clk_In
    W5                   IBUF (Prop_ibuf_I_O)         1.388    11.388 r  Clk_In_IBUF_inst/O
                         net (fo=1, routed)           1.862    13.250    Clk_In_IBUF
    BUFGCTRL_X0Y0        BUFG (Prop_bufg_I_O)         0.091    13.341 r  Clk_In_IBUF_BUFG_inst/O
                         net (fo=34, routed)          1.510    14.851    Slow_Clk0/Clk_In_IBUF_BUFG
    SLICE_X58Y17         FDRE                                         r  Slow_Clk0/count_reg[30]/C
                         clock pessimism              0.274    15.125    
                         clock uncertainty           -0.035    15.090    
    SLICE_X58Y17         FDRE (Setup_fdre_C_R)       -0.429    14.661    Slow_Clk0/count_reg[30]
  -------------------------------------------------------------------
                         required time                         14.661    
                         arrival time                          -9.389    
  -------------------------------------------------------------------
                         slack                                  5.272    

Slack (MET) :             5.272ns  (required time - arrival time)
  Source:                 Slow_Clk0/count_reg[19]/C
                            (rising edge-triggered cell FDRE clocked by sys_clk_pin  {rise@0.000ns fall@5.000ns period=10.000ns})
  Destination:            Slow_Clk0/count_reg[31]/R
                            (rising edge-triggered cell FDRE clocked by sys_clk_pin  {rise@0.000ns fall@5.000ns period=10.000ns})
  Path Group:             sys_clk_pin
  Path Type:              Setup (Max at Slow Process Corner)
  Requirement:            10.000ns  (sys_clk_pin rise@10.000ns - sys_clk_pin rise@0.000ns)
  Data Path Delay:        4.236ns  (logic 0.828ns (19.546%)  route 3.408ns (80.454%))
  Logic Levels:           3  (LUT4=2 LUT6=1)
  Clock Path Skew:        -0.028ns (DCD - SCD + CPR)
    Destination Clock Delay (DCD):    4.851ns = ( 14.851 - 10.000 ) 
    Source Clock Delay      (SCD):    5.153ns
    Clock Pessimism Removal (CPR):    0.274ns
  Clock Uncertainty:      0.035ns  ((TSJ^2 + TIJ^2)^1/2 + DJ) / 2 + PE
    Total System Jitter     (TSJ):    0.071ns
    Total Input Jitter      (TIJ):    0.000ns
    Discrete Jitter          (DJ):    0.000ns
    Phase Error              (PE):    0.000ns

    Location             Delay type                Incr(ns)  Path(ns)    Netlist Resource(s)
  -------------------------------------------------------------------    -------------------
                         (clock sys_clk_pin rise edge)
                                                      0.000     0.000 r  
    W5                                                0.000     0.000 r  Clk_In (IN)
                         net (fo=0)                   0.000     0.000    Clk_In
    W5                   IBUF (Prop_ibuf_I_O)         1.458     1.458 r  Clk_In_IBUF_inst/O
                         net (fo=1, routed)           1.967     3.425    Clk_In_IBUF
    BUFGCTRL_X0Y0        BUFG (Prop_bufg_I_O)         0.096     3.521 r  Clk_In_IBUF_BUFG_inst/O
                         net (fo=34, routed)          1.632     5.153    Slow_Clk0/Clk_In_IBUF_BUFG
    SLICE_X58Y14         FDRE                                         r  Slow_Clk0/count_reg[19]/C
  -------------------------------------------------------------------    -------------------
    SLICE_X58Y14         FDRE (Prop_fdre_C_Q)         0.456     5.609 f  Slow_Clk0/count_reg[19]/Q
                         net (fo=2, routed)           0.860     6.469    Slow_Clk0/count[19]
    SLICE_X59Y14         LUT4 (Prop_lut4_I0_O)        0.124     6.593 f  Slow_Clk0/count[0]_i_6/O
                         net (fo=1, routed)           0.634     7.227    Slow_Clk0/count[0]_i_6_n_0
    SLICE_X59Y15         LUT6 (Prop_lut6_I1_O)        0.124     7.351 f  Slow_Clk0/count[0]_i_2/O
                         net (fo=4, routed)           0.974     8.325    Slow_Clk0/count[0]_i_2_n_0
    SLICE_X59Y12         LUT4 (Prop_lut4_I1_O)        0.124     8.449 r  Slow_Clk0/count[31]_i_1/O
                         net (fo=31, routed)          0.940     9.389    Slow_Clk0/count[31]_i_1_n_0
    SLICE_X58Y17         FDRE                                         r  Slow_Clk0/count_reg[31]/R
  -------------------------------------------------------------------    -------------------

                         (clock sys_clk_pin rise edge)
                                                     10.000    10.000 r  
    W5                                                0.000    10.000 r  Clk_In (IN)
                         net (fo=0)                   0.000    10.000    Clk_In
    W5                   IBUF (Prop_ibuf_I_O)         1.388    11.388 r  Clk_In_IBUF_inst/O
                         net (fo=1, routed)           1.862    13.250    Clk_In_IBUF
    BUFGCTRL_X0Y0        BUFG (Prop_bufg_I_O)         0.091    13.341 r  Clk_In_IBUF_BUFG_inst/O
                         net (fo=34, routed)          1.510    14.851    Slow_Clk0/Clk_In_IBUF_BUFG
    SLICE_X58Y17         FDRE                                         r  Slow_Clk0/count_reg[31]/C
                         clock pessimism              0.274    15.125    
                         clock uncertainty           -0.035    15.090    
    SLICE_X58Y17         FDRE (Setup_fdre_C_R)       -0.429    14.661    Slow_Clk0/count_reg[31]
  -------------------------------------------------------------------
                         required time                         14.661    
                         arrival time                          -9.389    
  -------------------------------------------------------------------
                         slack                                  5.272    

Slack (MET) :             5.323ns  (required time - arrival time)
  Source:                 Slow_Clk0/count_reg[19]/C
                            (rising edge-triggered cell FDRE clocked by sys_clk_pin  {rise@0.000ns fall@5.000ns period=10.000ns})
  Destination:            Slow_Clk0/count_reg[1]/R
                            (rising edge-triggered cell FDRE clocked by sys_clk_pin  {rise@0.000ns fall@5.000ns period=10.000ns})
  Path Group:             sys_clk_pin
  Path Type:              Setup (Max at Slow Process Corner)
  Requirement:            10.000ns  (sys_clk_pin rise@10.000ns - sys_clk_pin rise@0.000ns)
  Data Path Delay:        4.191ns  (logic 0.828ns (19.757%)  route 3.363ns (80.243%))
  Logic Levels:           3  (LUT4=2 LUT6=1)
  Clock Path Skew:        -0.022ns (DCD - SCD + CPR)
    Destination Clock Delay (DCD):    4.857ns = ( 14.857 - 10.000 ) 
    Source Clock Delay      (SCD):    5.153ns
    Clock Pessimism Removal (CPR):    0.274ns
  Clock Uncertainty:      0.035ns  ((TSJ^2 + TIJ^2)^1/2 + DJ) / 2 + PE
    Total System Jitter     (TSJ):    0.071ns
    Total Input Jitter      (TIJ):    0.000ns
    Discrete Jitter          (DJ):    0.000ns
    Phase Error              (PE):    0.000ns

    Location             Delay type                Incr(ns)  Path(ns)    Netlist Resource(s)
  -------------------------------------------------------------------    -------------------
                         (clock sys_clk_pin rise edge)
                                                      0.000     0.000 r  
    W5                                                0.000     0.000 r  Clk_In (IN)
                         net (fo=0)                   0.000     0.000    Clk_In
    W5                   IBUF (Prop_ibuf_I_O)         1.458     1.458 r  Clk_In_IBUF_inst/O
                         net (fo=1, routed)           1.967     3.425    Clk_In_IBUF
    BUFGCTRL_X0Y0        BUFG (Prop_bufg_I_O)         0.096     3.521 r  Clk_In_IBUF_BUFG_inst/O
                         net (fo=34, routed)          1.632     5.153    Slow_Clk0/Clk_In_IBUF_BUFG
    SLICE_X58Y14         FDRE                                         r  Slow_Clk0/count_reg[19]/C
  -------------------------------------------------------------------    -------------------
    SLICE_X58Y14         FDRE (Prop_fdre_C_Q)         0.456     5.609 f  Slow_Clk0/count_reg[19]/Q
                         net (fo=2, routed)           0.860     6.469    Slow_Clk0/count[19]
    SLICE_X59Y14         LUT4 (Prop_lut4_I0_O)        0.124     6.593 f  Slow_Clk0/count[0]_i_6/O
                         net (fo=1, routed)           0.634     7.227    Slow_Clk0/count[0]_i_6_n_0
    SLICE_X59Y15         LUT6 (Prop_lut6_I1_O)        0.124     7.351 f  Slow_Clk0/count[0]_i_2/O
                         net (fo=4, routed)           0.974     8.325    Slow_Clk0/count[0]_i_2_n_0
    SLICE_X59Y12         LUT4 (Prop_lut4_I1_O)        0.124     8.449 r  Slow_Clk0/count[31]_i_1/O
                         net (fo=31, routed)          0.895     9.344    Slow_Clk0/count[31]_i_1_n_0
    SLICE_X58Y10         FDRE                                         r  Slow_Clk0/count_reg[1]/R
  -------------------------------------------------------------------    -------------------

                         (clock sys_clk_pin rise edge)
                                                     10.000    10.000 r  
    W5                                                0.000    10.000 r  Clk_In (IN)
                         net (fo=0)                   0.000    10.000    Clk_In
    W5                   IBUF (Prop_ibuf_I_O)         1.388    11.388 r  Clk_In_IBUF_inst/O
                         net (fo=1, routed)           1.862    13.250    Clk_In_IBUF
    BUFGCTRL_X0Y0        BUFG (Prop_bufg_I_O)         0.091    13.341 r  Clk_In_IBUF_BUFG_inst/O
                         net (fo=34, routed)          1.516    14.857    Slow_Clk0/Clk_In_IBUF_BUFG
    SLICE_X58Y10         FDRE                                         r  Slow_Clk0/count_reg[1]/C
                         clock pessimism              0.274    15.131    
                         clock uncertainty           -0.035    15.096    
    SLICE_X58Y10         FDRE (Setup_fdre_C_R)       -0.429    14.667    Slow_Clk0/count_reg[1]
  -------------------------------------------------------------------
                         required time                         14.667    
                         arrival time                          -9.344    
  -------------------------------------------------------------------
                         slack                                  5.323    

Slack (MET) :             5.323ns  (required time - arrival time)
  Source:                 Slow_Clk0/count_reg[19]/C
                            (rising edge-triggered cell FDRE clocked by sys_clk_pin  {rise@0.000ns fall@5.000ns period=10.000ns})
  Destination:            Slow_Clk0/count_reg[2]/R
                            (rising edge-triggered cell FDRE clocked by sys_clk_pin  {rise@0.000ns fall@5.000ns period=10.000ns})
  Path Group:             sys_clk_pin
  Path Type:              Setup (Max at Slow Process Corner)
  Requirement:            10.000ns  (sys_clk_pin rise@10.000ns - sys_clk_pin rise@0.000ns)
  Data Path Delay:        4.191ns  (logic 0.828ns (19.757%)  route 3.363ns (80.243%))
  Logic Levels:           3  (LUT4=2 LUT6=1)
  Clock Path Skew:        -0.022ns (DCD - SCD + CPR)
    Destination Clock Delay (DCD):    4.857ns = ( 14.857 - 10.000 ) 
    Source Clock Delay      (SCD):    5.153ns
    Clock Pessimism Removal (CPR):    0.274ns
  Clock Uncertainty:      0.035ns  ((TSJ^2 + TIJ^2)^1/2 + DJ) / 2 + PE
    Total System Jitter     (TSJ):    0.071ns
    Total Input Jitter      (TIJ):    0.000ns
    Discrete Jitter          (DJ):    0.000ns
    Phase Error              (PE):    0.000ns

    Location             Delay type                Incr(ns)  Path(ns)    Netlist Resource(s)
  -------------------------------------------------------------------    -------------------
                         (clock sys_clk_pin rise edge)
                                                      0.000     0.000 r  
    W5                                                0.000     0.000 r  Clk_In (IN)
                         net (fo=0)                   0.000     0.000    Clk_In
    W5                   IBUF (Prop_ibuf_I_O)         1.458     1.458 r  Clk_In_IBUF_inst/O
                         net (fo=1, routed)           1.967     3.425    Clk_In_IBUF
    BUFGCTRL_X0Y0        BUFG (Prop_bufg_I_O)         0.096     3.521 r  Clk_In_IBUF_BUFG_inst/O
                         net (fo=34, routed)          1.632     5.153    Slow_Clk0/Clk_In_IBUF_BUFG
    SLICE_X58Y14         FDRE                                         r  Slow_Clk0/count_reg[19]/C
  -------------------------------------------------------------------    -------------------
    SLICE_X58Y14         FDRE (Prop_fdre_C_Q)         0.456     5.609 f  Slow_Clk0/count_reg[19]/Q
                         net (fo=2, routed)           0.860     6.469    Slow_Clk0/count[19]
    SLICE_X59Y14         LUT4 (Prop_lut4_I0_O)        0.124     6.593 f  Slow_Clk0/count[0]_i_6/O
                         net (fo=1, routed)           0.634     7.227    Slow_Clk0/count[0]_i_6_n_0
    SLICE_X59Y15         LUT6 (Prop_lut6_I1_O)        0.124     7.351 f  Slow_Clk0/count[0]_i_2/O
                         net (fo=4, routed)           0.974     8.325    Slow_Clk0/count[0]_i_2_n_0
    SLICE_X59Y12         LUT4 (Prop_lut4_I1_O)        0.124     8.449 r  Slow_Clk0/count[31]_i_1/O
                         net (fo=31, routed)          0.895     9.344    Slow_Clk0/count[31]_i_1_n_0
    SLICE_X58Y10         FDRE                                         r  Slow_Clk0/count_reg[2]/R
  -------------------------------------------------------------------    -------------------

                         (clock sys_clk_pin rise edge)
                                                     10.000    10.000 r  
    W5                                                0.000    10.000 r  Clk_In (IN)
                         net (fo=0)                   0.000    10.000    Clk_In
    W5                   IBUF (Prop_ibuf_I_O)         1.388    11.388 r  Clk_In_IBUF_inst/O
                         net (fo=1, routed)           1.862    13.250    Clk_In_IBUF
    BUFGCTRL_X0Y0        BUFG (Prop_bufg_I_O)         0.091    13.341 r  Clk_In_IBUF_BUFG_inst/O
                         net (fo=34, routed)          1.516    14.857    Slow_Clk0/Clk_In_IBUF_BUFG
    SLICE_X58Y10         FDRE                                         r  Slow_Clk0/count_reg[2]/C
                         clock pessimism              0.274    15.131    
                         clock uncertainty           -0.035    15.096    
    SLICE_X58Y10         FDRE (Setup_fdre_C_R)       -0.429    14.667    Slow_Clk0/count_reg[2]
  -------------------------------------------------------------------
                         required time                         14.667    
                         arrival time                          -9.344    
  -------------------------------------------------------------------
                         slack                                  5.323    

Slack (MET) :             5.323ns  (required time - arrival time)
  Source:                 Slow_Clk0/count_reg[19]/C
                            (rising edge-triggered cell FDRE clocked by sys_clk_pin  {rise@0.000ns fall@5.000ns period=10.000ns})
  Destination:            Slow_Clk0/count_reg[3]/R
                            (rising edge-triggered cell FDRE clocked by sys_clk_pin  {rise@0.000ns fall@5.000ns period=10.000ns})
  Path Group:             sys_clk_pin
  Path Type:              Setup (Max at Slow Process Corner)
  Requirement:            10.000ns  (sys_clk_pin rise@10.000ns - sys_clk_pin rise@0.000ns)
  Data Path Delay:        4.191ns  (logic 0.828ns (19.757%)  route 3.363ns (80.243%))
  Logic Levels:           3  (LUT4=2 LUT6=1)
  Clock Path Skew:        -0.022ns (DCD - SCD + CPR)
    Destination Clock Delay (DCD):    4.857ns = ( 14.857 - 10.000 ) 
    Source Clock Delay      (SCD):    5.153ns
    Clock Pessimism Removal (CPR):    0.274ns
  Clock Uncertainty:      0.035ns  ((TSJ^2 + TIJ^2)^1/2 + DJ) / 2 + PE
    Total System Jitter     (TSJ):    0.071ns
    Total Input Jitter      (TIJ):    0.000ns
    Discrete Jitter          (DJ):    0.000ns
    Phase Error              (PE):    0.000ns

    Location             Delay type                Incr(ns)  Path(ns)    Netlist Resource(s)
  -------------------------------------------------------------------    -------------------
                         (clock sys_clk_pin rise edge)
                                                      0.000     0.000 r  
    W5                                                0.000     0.000 r  Clk_In (IN)
                         net (fo=0)                   0.000     0.000    Clk_In
    W5                   IBUF (Prop_ibuf_I_O)         1.458     1.458 r  Clk_In_IBUF_inst/O
                         net (fo=1, routed)           1.967     3.425    Clk_In_IBUF
    BUFGCTRL_X0Y0        BUFG (Prop_bufg_I_O)         0.096     3.521 r  Clk_In_IBUF_BUFG_inst/O
                         net (fo=34, routed)          1.632     5.153    Slow_Clk0/Clk_In_IBUF_BUFG
    SLICE_X58Y14         FDRE                                         r  Slow_Clk0/count_reg[19]/C
  -------------------------------------------------------------------    -------------------
    SLICE_X58Y14         FDRE (Prop_fdre_C_Q)         0.456     5.609 f  Slow_Clk0/count_reg[19]/Q
                         net (fo=2, routed)           0.860     6.469    Slow_Clk0/count[19]
    SLICE_X59Y14         LUT4 (Prop_lut4_I0_O)        0.124     6.593 f  Slow_Clk0/count[0]_i_6/O
                         net (fo=1, routed)           0.634     7.227    Slow_Clk0/count[0]_i_6_n_0
    SLICE_X59Y15         LUT6 (Prop_lut6_I1_O)        0.124     7.351 f  Slow_Clk0/count[0]_i_2/O
                         net (fo=4, routed)           0.974     8.325    Slow_Clk0/count[0]_i_2_n_0
    SLICE_X59Y12         LUT4 (Prop_lut4_I1_O)        0.124     8.449 r  Slow_Clk0/count[31]_i_1/O
                         net (fo=31, routed)          0.895     9.344    Slow_Clk0/count[31]_i_1_n_0
    SLICE_X58Y10         FDRE                                         r  Slow_Clk0/count_reg[3]/R
  -------------------------------------------------------------------    -------------------

                         (clock sys_clk_pin rise edge)
                                                     10.000    10.000 r  
    W5                                                0.000    10.000 r  Clk_In (IN)
                         net (fo=0)                   0.000    10.000    Clk_In
    W5                   IBUF (Prop_ibuf_I_O)         1.388    11.388 r  Clk_In_IBUF_inst/O
                         net (fo=1, routed)           1.862    13.250    Clk_In_IBUF
    BUFGCTRL_X0Y0        BUFG (Prop_bufg_I_O)         0.091    13.341 r  Clk_In_IBUF_BUFG_inst/O
                         net (fo=34, routed)          1.516    14.857    Slow_Clk0/Clk_In_IBUF_BUFG
    SLICE_X58Y10         FDRE                                         r  Slow_Clk0/count_reg[3]/C
                         clock pessimism              0.274    15.131    
                         clock uncertainty           -0.035    15.096    
    SLICE_X58Y10         FDRE (Setup_fdre_C_R)       -0.429    14.667    Slow_Clk0/count_reg[3]
  -------------------------------------------------------------------
                         required time                         14.667    
                         arrival time                          -9.344    
  -------------------------------------------------------------------
                         slack                                  5.323    

Slack (MET) :             5.323ns  (required time - arrival time)
  Source:                 Slow_Clk0/count_reg[19]/C
                            (rising edge-triggered cell FDRE clocked by sys_clk_pin  {rise@0.000ns fall@5.000ns period=10.000ns})
  Destination:            Slow_Clk0/count_reg[4]/R
                            (rising edge-triggered cell FDRE clocked by sys_clk_pin  {rise@0.000ns fall@5.000ns period=10.000ns})
  Path Group:             sys_clk_pin
  Path Type:              Setup (Max at Slow Process Corner)
  Requirement:            10.000ns  (sys_clk_pin rise@10.000ns - sys_clk_pin rise@0.000ns)
  Data Path Delay:        4.191ns  (logic 0.828ns (19.757%)  route 3.363ns (80.243%))
  Logic Levels:           3  (LUT4=2 LUT6=1)
  Clock Path Skew:        -0.022ns (DCD - SCD + CPR)
    Destination Clock Delay (DCD):    4.857ns = ( 14.857 - 10.000 ) 
    Source Clock Delay      (SCD):    5.153ns
    Clock Pessimism Removal (CPR):    0.274ns
  Clock Uncertainty:      0.035ns  ((TSJ^2 + TIJ^2)^1/2 + DJ) / 2 + PE
    Total System Jitter     (TSJ):    0.071ns
    Total Input Jitter      (TIJ):    0.000ns
    Discrete Jitter          (DJ):    0.000ns
    Phase Error              (PE):    0.000ns

    Location             Delay type                Incr(ns)  Path(ns)    Netlist Resource(s)
  -------------------------------------------------------------------    -------------------
                         (clock sys_clk_pin rise edge)
                                                      0.000     0.000 r  
    W5                                                0.000     0.000 r  Clk_In (IN)
                         net (fo=0)                   0.000     0.000    Clk_In
    W5                   IBUF (Prop_ibuf_I_O)         1.458     1.458 r  Clk_In_IBUF_inst/O
                         net (fo=1, routed)           1.967     3.425    Clk_In_IBUF
    BUFGCTRL_X0Y0        BUFG (Prop_bufg_I_O)         0.096     3.521 r  Clk_In_IBUF_BUFG_inst/O
                         net (fo=34, routed)          1.632     5.153    Slow_Clk0/Clk_In_IBUF_BUFG
    SLICE_X58Y14         FDRE                                         r  Slow_Clk0/count_reg[19]/C
  -------------------------------------------------------------------    -------------------
    SLICE_X58Y14         FDRE (Prop_fdre_C_Q)         0.456     5.609 f  Slow_Clk0/count_reg[19]/Q
                         net (fo=2, routed)           0.860     6.469    Slow_Clk0/count[19]
    SLICE_X59Y14         LUT4 (Prop_lut4_I0_O)        0.124     6.593 f  Slow_Clk0/count[0]_i_6/O
                         net (fo=1, routed)           0.634     7.227    Slow_Clk0/count[0]_i_6_n_0
    SLICE_X59Y15         LUT6 (Prop_lut6_I1_O)        0.124     7.351 f  Slow_Clk0/count[0]_i_2/O
                         net (fo=4, routed)           0.974     8.325    Slow_Clk0/count[0]_i_2_n_0
    SLICE_X59Y12         LUT4 (Prop_lut4_I1_O)        0.124     8.449 r  Slow_Clk0/count[31]_i_1/O
                         net (fo=31, routed)          0.895     9.344    Slow_Clk0/count[31]_i_1_n_0
    SLICE_X58Y10         FDRE                                         r  Slow_Clk0/count_reg[4]/R
  -------------------------------------------------------------------    -------------------

                         (clock sys_clk_pin rise edge)
                                                     10.000    10.000 r  
    W5                                                0.000    10.000 r  Clk_In (IN)
                         net (fo=0)                   0.000    10.000    Clk_In
    W5                   IBUF (Prop_ibuf_I_O)         1.388    11.388 r  Clk_In_IBUF_inst/O
                         net (fo=1, routed)           1.862    13.250    Clk_In_IBUF
    BUFGCTRL_X0Y0        BUFG (Prop_bufg_I_O)         0.091    13.341 r  Clk_In_IBUF_BUFG_inst/O
                         net (fo=34, routed)          1.516    14.857    Slow_Clk0/Clk_In_IBUF_BUFG
    SLICE_X58Y10         FDRE                                         r  Slow_Clk0/count_reg[4]/C
                         clock pessimism              0.274    15.131    
                         clock uncertainty           -0.035    15.096    
    SLICE_X58Y10         FDRE (Setup_fdre_C_R)       -0.429    14.667    Slow_Clk0/count_reg[4]
  -------------------------------------------------------------------
                         required time                         14.667    
                         arrival time                          -9.344    
  -------------------------------------------------------------------
                         slack                                  5.323    

Slack (MET) :             5.411ns  (required time - arrival time)
  Source:                 Slow_Clk0/count_reg[19]/C
                            (rising edge-triggered cell FDRE clocked by sys_clk_pin  {rise@0.000ns fall@5.000ns period=10.000ns})
  Destination:            Slow_Clk0/count_reg[25]/R
                            (rising edge-triggered cell FDRE clocked by sys_clk_pin  {rise@0.000ns fall@5.000ns period=10.000ns})
  Path Group:             sys_clk_pin
  Path Type:              Setup (Max at Slow Process Corner)
  Requirement:            10.000ns  (sys_clk_pin rise@10.000ns - sys_clk_pin rise@0.000ns)
  Data Path Delay:        4.098ns  (logic 0.828ns (20.207%)  route 3.270ns (79.793%))
  Logic Levels:           3  (LUT4=2 LUT6=1)
  Clock Path Skew:        -0.027ns (DCD - SCD + CPR)
    Destination Clock Delay (DCD):    4.852ns = ( 14.852 - 10.000 ) 
    Source Clock Delay      (SCD):    5.153ns
    Clock Pessimism Removal (CPR):    0.274ns
  Clock Uncertainty:      0.035ns  ((TSJ^2 + TIJ^2)^1/2 + DJ) / 2 + PE
    Total System Jitter     (TSJ):    0.071ns
    Total Input Jitter      (TIJ):    0.000ns
    Discrete Jitter          (DJ):    0.000ns
    Phase Error              (PE):    0.000ns

    Location             Delay type                Incr(ns)  Path(ns)    Netlist Resource(s)
  -------------------------------------------------------------------    -------------------
                         (clock sys_clk_pin rise edge)
                                                      0.000     0.000 r  
    W5                                                0.000     0.000 r  Clk_In (IN)
                         net (fo=0)                   0.000     0.000    Clk_In
    W5                   IBUF (Prop_ibuf_I_O)         1.458     1.458 r  Clk_In_IBUF_inst/O
                         net (fo=1, routed)           1.967     3.425    Clk_In_IBUF
    BUFGCTRL_X0Y0        BUFG (Prop_bufg_I_O)         0.096     3.521 r  Clk_In_IBUF_BUFG_inst/O
                         net (fo=34, routed)          1.632     5.153    Slow_Clk0/Clk_In_IBUF_BUFG
    SLICE_X58Y14         FDRE                                         r  Slow_Clk0/count_reg[19]/C
  -------------------------------------------------------------------    -------------------
    SLICE_X58Y14         FDRE (Prop_fdre_C_Q)         0.456     5.609 f  Slow_Clk0/count_reg[19]/Q
                         net (fo=2, routed)           0.860     6.469    Slow_Clk0/count[19]
    SLICE_X59Y14         LUT4 (Prop_lut4_I0_O)        0.124     6.593 f  Slow_Clk0/count[0]_i_6/O
                         net (fo=1, routed)           0.634     7.227    Slow_Clk0/count[0]_i_6_n_0
    SLICE_X59Y15         LUT6 (Prop_lut6_I1_O)        0.124     7.351 f  Slow_Clk0/count[0]_i_2/O
                         net (fo=4, routed)           0.974     8.325    Slow_Clk0/count[0]_i_2_n_0
    SLICE_X59Y12         LUT4 (Prop_lut4_I1_O)        0.124     8.449 r  Slow_Clk0/count[31]_i_1/O
                         net (fo=31, routed)          0.802     9.251    Slow_Clk0/count[31]_i_1_n_0
    SLICE_X58Y16         FDRE                                         r  Slow_Clk0/count_reg[25]/R
  -------------------------------------------------------------------    -------------------

                         (clock sys_clk_pin rise edge)
                                                     10.000    10.000 r  
    W5                                                0.000    10.000 r  Clk_In (IN)
                         net (fo=0)                   0.000    10.000    Clk_In
    W5                   IBUF (Prop_ibuf_I_O)         1.388    11.388 r  Clk_In_IBUF_inst/O
                         net (fo=1, routed)           1.862    13.250    Clk_In_IBUF
    BUFGCTRL_X0Y0        BUFG (Prop_bufg_I_O)         0.091    13.341 r  Clk_In_IBUF_BUFG_inst/O
                         net (fo=34, routed)          1.511    14.852    Slow_Clk0/Clk_In_IBUF_BUFG
    SLICE_X58Y16         FDRE                                         r  Slow_Clk0/count_reg[25]/C
                         clock pessimism              0.274    15.126    
                         clock uncertainty           -0.035    15.091    
    SLICE_X58Y16         FDRE (Setup_fdre_C_R)       -0.429    14.662    Slow_Clk0/count_reg[25]
  -------------------------------------------------------------------
                         required time                         14.662    
                         arrival time                          -9.251    
  -------------------------------------------------------------------
                         slack                                  5.411    

Slack (MET) :             5.411ns  (required time - arrival time)
  Source:                 Slow_Clk0/count_reg[19]/C
                            (rising edge-triggered cell FDRE clocked by sys_clk_pin  {rise@0.000ns fall@5.000ns period=10.000ns})
  Destination:            Slow_Clk0/count_reg[26]/R
                            (rising edge-triggered cell FDRE clocked by sys_clk_pin  {rise@0.000ns fall@5.000ns period=10.000ns})
  Path Group:             sys_clk_pin
  Path Type:              Setup (Max at Slow Process Corner)
  Requirement:            10.000ns  (sys_clk_pin rise@10.000ns - sys_clk_pin rise@0.000ns)
  Data Path Delay:        4.098ns  (logic 0.828ns (20.207%)  route 3.270ns (79.793%))
  Logic Levels:           3  (LUT4=2 LUT6=1)
  Clock Path Skew:        -0.027ns (DCD - SCD + CPR)
    Destination Clock Delay (DCD):    4.852ns = ( 14.852 - 10.000 ) 
    Source Clock Delay      (SCD):    5.153ns
    Clock Pessimism Removal (CPR):    0.274ns
  Clock Uncertainty:      0.035ns  ((TSJ^2 + TIJ^2)^1/2 + DJ) / 2 + PE
    Total System Jitter     (TSJ):    0.071ns
    Total Input Jitter      (TIJ):    0.000ns
    Discrete Jitter          (DJ):    0.000ns
    Phase Error              (PE):    0.000ns

    Location             Delay type                Incr(ns)  Path(ns)    Netlist Resource(s)
  -------------------------------------------------------------------    -------------------
                         (clock sys_clk_pin rise edge)
                                                      0.000     0.000 r  
    W5                                                0.000     0.000 r  Clk_In (IN)
                         net (fo=0)                   0.000     0.000    Clk_In
    W5                   IBUF (Prop_ibuf_I_O)         1.458     1.458 r  Clk_In_IBUF_inst/O
                         net (fo=1, routed)           1.967     3.425    Clk_In_IBUF
    BUFGCTRL_X0Y0        BUFG (Prop_bufg_I_O)         0.096     3.521 r  Clk_In_IBUF_BUFG_inst/O
                         net (fo=34, routed)          1.632     5.153    Slow_Clk0/Clk_In_IBUF_BUFG
    SLICE_X58Y14         FDRE                                         r  Slow_Clk0/count_reg[19]/C
  -------------------------------------------------------------------    -------------------
    SLICE_X58Y14         FDRE (Prop_fdre_C_Q)         0.456     5.609 f  Slow_Clk0/count_reg[19]/Q
                         net (fo=2, routed)           0.860     6.469    Slow_Clk0/count[19]
    SLICE_X59Y14         LUT4 (Prop_lut4_I0_O)        0.124     6.593 f  Slow_Clk0/count[0]_i_6/O
                         net (fo=1, routed)           0.634     7.227    Slow_Clk0/count[0]_i_6_n_0
    SLICE_X59Y15         LUT6 (Prop_lut6_I1_O)        0.124     7.351 f  Slow_Clk0/count[0]_i_2/O
                         net (fo=4, routed)           0.974     8.325    Slow_Clk0/count[0]_i_2_n_0
    SLICE_X59Y12         LUT4 (Prop_lut4_I1_O)        0.124     8.449 r  Slow_Clk0/count[31]_i_1/O
                         net (fo=31, routed)          0.802     9.251    Slow_Clk0/count[31]_i_1_n_0
    SLICE_X58Y16         FDRE                                         r  Slow_Clk0/count_reg[26]/R
  -------------------------------------------------------------------    -------------------

                         (clock sys_clk_pin rise edge)
                                                     10.000    10.000 r  
    W5                                                0.000    10.000 r  Clk_In (IN)
                         net (fo=0)                   0.000    10.000    Clk_In
    W5                   IBUF (Prop_ibuf_I_O)         1.388    11.388 r  Clk_In_IBUF_inst/O
                         net (fo=1, routed)           1.862    13.250    Clk_In_IBUF
    BUFGCTRL_X0Y0        BUFG (Prop_bufg_I_O)         0.091    13.341 r  Clk_In_IBUF_BUFG_inst/O
                         net (fo=34, routed)          1.511    14.852    Slow_Clk0/Clk_In_IBUF_BUFG
    SLICE_X58Y16         FDRE                                         r  Slow_Clk0/count_reg[26]/C
                         clock pessimism              0.274    15.126    
                         clock uncertainty           -0.035    15.091    
    SLICE_X58Y16         FDRE (Setup_fdre_C_R)       -0.429    14.662    Slow_Clk0/count_reg[26]
  -------------------------------------------------------------------
                         required time                         14.662    
                         arrival time                          -9.251    
  -------------------------------------------------------------------
                         slack                                  5.411    

Slack (MET) :             5.411ns  (required time - arrival time)
  Source:                 Slow_Clk0/count_reg[19]/C
                            (rising edge-triggered cell FDRE clocked by sys_clk_pin  {rise@0.000ns fall@5.000ns period=10.000ns})
  Destination:            Slow_Clk0/count_reg[27]/R
                            (rising edge-triggered cell FDRE clocked by sys_clk_pin  {rise@0.000ns fall@5.000ns period=10.000ns})
  Path Group:             sys_clk_pin
  Path Type:              Setup (Max at Slow Process Corner)
  Requirement:            10.000ns  (sys_clk_pin rise@10.000ns - sys_clk_pin rise@0.000ns)
  Data Path Delay:        4.098ns  (logic 0.828ns (20.207%)  route 3.270ns (79.793%))
  Logic Levels:           3  (LUT4=2 LUT6=1)
  Clock Path Skew:        -0.027ns (DCD - SCD + CPR)
    Destination Clock Delay (DCD):    4.852ns = ( 14.852 - 10.000 ) 
    Source Clock Delay      (SCD):    5.153ns
    Clock Pessimism Removal (CPR):    0.274ns
  Clock Uncertainty:      0.035ns  ((TSJ^2 + TIJ^2)^1/2 + DJ) / 2 + PE
    Total System Jitter     (TSJ):    0.071ns
    Total Input Jitter      (TIJ):    0.000ns
    Discrete Jitter          (DJ):    0.000ns
    Phase Error              (PE):    0.000ns

    Location             Delay type                Incr(ns)  Path(ns)    Netlist Resource(s)
  -------------------------------------------------------------------    -------------------
                         (clock sys_clk_pin rise edge)
                                                      0.000     0.000 r  
    W5                                                0.000     0.000 r  Clk_In (IN)
                         net (fo=0)                   0.000     0.000    Clk_In
    W5                   IBUF (Prop_ibuf_I_O)         1.458     1.458 r  Clk_In_IBUF_inst/O
                         net (fo=1, routed)           1.967     3.425    Clk_In_IBUF
    BUFGCTRL_X0Y0        BUFG (Prop_bufg_I_O)         0.096     3.521 r  Clk_In_IBUF_BUFG_inst/O
                         net (fo=34, routed)          1.632     5.153    Slow_Clk0/Clk_In_IBUF_BUFG
    SLICE_X58Y14         FDRE                                         r  Slow_Clk0/count_reg[19]/C
  -------------------------------------------------------------------    -------------------
    SLICE_X58Y14         FDRE (Prop_fdre_C_Q)         0.456     5.609 f  Slow_Clk0/count_reg[19]/Q
                         net (fo=2, routed)           0.860     6.469    Slow_Clk0/count[19]
    SLICE_X59Y14         LUT4 (Prop_lut4_I0_O)        0.124     6.593 f  Slow_Clk0/count[0]_i_6/O
                         net (fo=1, routed)           0.634     7.227    Slow_Clk0/count[0]_i_6_n_0
    SLICE_X59Y15         LUT6 (Prop_lut6_I1_O)        0.124     7.351 f  Slow_Clk0/count[0]_i_2/O
                         net (fo=4, routed)           0.974     8.325    Slow_Clk0/count[0]_i_2_n_0
    SLICE_X59Y12         LUT4 (Prop_lut4_I1_O)        0.124     8.449 r  Slow_Clk0/count[31]_i_1/O
                         net (fo=31, routed)          0.802     9.251    Slow_Clk0/count[31]_i_1_n_0
    SLICE_X58Y16         FDRE                                         r  Slow_Clk0/count_reg[27]/R
  -------------------------------------------------------------------    -------------------

                         (clock sys_clk_pin rise edge)
                                                     10.000    10.000 r  
    W5                                                0.000    10.000 r  Clk_In (IN)
                         net (fo=0)                   0.000    10.000    Clk_In
    W5                   IBUF (Prop_ibuf_I_O)         1.388    11.388 r  Clk_In_IBUF_inst/O
                         net (fo=1, routed)           1.862    13.250    Clk_In_IBUF
    BUFGCTRL_X0Y0        BUFG (Prop_bufg_I_O)         0.091    13.341 r  Clk_In_IBUF_BUFG_inst/O
                         net (fo=34, routed)          1.511    14.852    Slow_Clk0/Clk_In_IBUF_BUFG
    SLICE_X58Y16         FDRE                                         r  Slow_Clk0/count_reg[27]/C
                         clock pessimism              0.274    15.126    
                         clock uncertainty           -0.035    15.091    
    SLICE_X58Y16         FDRE (Setup_fdre_C_R)       -0.429    14.662    Slow_Clk0/count_reg[27]
  -------------------------------------------------------------------
                         required time                         14.662    
                         arrival time                          -9.251    
  -------------------------------------------------------------------
                         slack                                  5.411    





Min Delay Paths
--------------------------------------------------------------------------------------
Slack (MET) :             0.264ns  (arrival time - required time)
  Source:                 Slow_Clk0/count_reg[10]/C
                            (rising edge-triggered cell FDRE clocked by sys_clk_pin  {rise@0.000ns fall@5.000ns period=10.000ns})
  Destination:            Slow_Clk0/Clk_out_reg/D
                            (rising edge-triggered cell FDRE clocked by sys_clk_pin  {rise@0.000ns fall@5.000ns period=10.000ns})
  Path Group:             sys_clk_pin
  Path Type:              Hold (Min at Fast Process Corner)
  Requirement:            0.000ns  (sys_clk_pin rise@0.000ns - sys_clk_pin rise@0.000ns)
  Data Path Delay:        0.368ns  (logic 0.231ns (62.809%)  route 0.137ns (37.191%))
  Logic Levels:           2  (LUT5=1 LUT6=1)
  Clock Path Skew:        0.013ns (DCD - SCD - CPR)
    Destination Clock Delay (DCD):    1.987ns
    Source Clock Delay      (SCD):    1.474ns
    Clock Pessimism Removal (CPR):    0.500ns

    Location             Delay type                Incr(ns)  Path(ns)    Netlist Resource(s)
  -------------------------------------------------------------------    -------------------
                         (clock sys_clk_pin rise edge)
                                                      0.000     0.000 r  
    W5                                                0.000     0.000 r  Clk_In (IN)
                         net (fo=0)                   0.000     0.000    Clk_In
    W5                   IBUF (Prop_ibuf_I_O)         0.226     0.226 r  Clk_In_IBUF_inst/O
                         net (fo=1, routed)           0.631     0.858    Clk_In_IBUF
    BUFGCTRL_X0Y0        BUFG (Prop_bufg_I_O)         0.026     0.884 r  Clk_In_IBUF_BUFG_inst/O
                         net (fo=34, routed)          0.591     1.474    Slow_Clk0/Clk_In_IBUF_BUFG
    SLICE_X58Y12         FDRE                                         r  Slow_Clk0/count_reg[10]/C
  -------------------------------------------------------------------    -------------------
    SLICE_X58Y12         FDRE (Prop_fdre_C_Q)         0.141     1.615 r  Slow_Clk0/count_reg[10]/Q
                         net (fo=2, routed)           0.062     1.677    Slow_Clk0/count[10]
    SLICE_X59Y12         LUT5 (Prop_lut5_I2_O)        0.045     1.722 r  Slow_Clk0/count[0]_i_4/O
                         net (fo=4, routed)           0.075     1.797    Slow_Clk0/count[0]_i_4_n_0
    SLICE_X59Y12         LUT6 (Prop_lut6_I4_O)        0.045     1.842 r  Slow_Clk0/Clk_out_i_1/O
                         net (fo=1, routed)           0.000     1.842    Slow_Clk0/Clk_out_i_1_n_0
    SLICE_X59Y12         FDRE                                         r  Slow_Clk0/Clk_out_reg/D
  -------------------------------------------------------------------    -------------------

                         (clock sys_clk_pin rise edge)
                                                      0.000     0.000 r  
    W5                                                0.000     0.000 r  Clk_In (IN)
                         net (fo=0)                   0.000     0.000    Clk_In
    W5                   IBUF (Prop_ibuf_I_O)         0.414     0.414 r  Clk_In_IBUF_inst/O
                         net (fo=1, routed)           0.685     1.099    Clk_In_IBUF
    BUFGCTRL_X0Y0        BUFG (Prop_bufg_I_O)         0.029     1.128 r  Clk_In_IBUF_BUFG_inst/O
                         net (fo=34, routed)          0.860     1.987    Slow_Clk0/Clk_In_IBUF_BUFG
    SLICE_X59Y12         FDRE                                         r  Slow_Clk0/Clk_out_reg/C
                         clock pessimism             -0.500     1.487    
    SLICE_X59Y12         FDRE (Hold_fdre_C_D)         0.091     1.578    Slow_Clk0/Clk_out_reg
  -------------------------------------------------------------------
                         required time                         -1.578    
                         arrival time                           1.842    
  -------------------------------------------------------------------
                         slack                                  0.264    

Slack (MET) :             0.280ns  (arrival time - required time)
  Source:                 Slow_Clk0/count_reg[11]/C
                            (rising edge-triggered cell FDRE clocked by sys_clk_pin  {rise@0.000ns fall@5.000ns period=10.000ns})
  Destination:            Slow_Clk0/count_reg[11]/D
                            (rising edge-triggered cell FDRE clocked by sys_clk_pin  {rise@0.000ns fall@5.000ns period=10.000ns})
  Path Group:             sys_clk_pin
  Path Type:              Hold (Min at Fast Process Corner)
  Requirement:            0.000ns  (sys_clk_pin rise@0.000ns - sys_clk_pin rise@0.000ns)
  Data Path Delay:        0.385ns  (logic 0.252ns (65.529%)  route 0.133ns (34.471%))
  Logic Levels:           1  (CARRY4=1)
  Clock Path Skew:        0.000ns (DCD - SCD - CPR)
    Destination Clock Delay (DCD):    1.987ns
    Source Clock Delay      (SCD):    1.474ns
    Clock Pessimism Removal (CPR):    0.513ns

    Location             Delay type                Incr(ns)  Path(ns)    Netlist Resource(s)
  -------------------------------------------------------------------    -------------------
                         (clock sys_clk_pin rise edge)
                                                      0.000     0.000 r  
    W5                                                0.000     0.000 r  Clk_In (IN)
                         net (fo=0)                   0.000     0.000    Clk_In
    W5                   IBUF (Prop_ibuf_I_O)         0.226     0.226 r  Clk_In_IBUF_inst/O
                         net (fo=1, routed)           0.631     0.858    Clk_In_IBUF
    BUFGCTRL_X0Y0        BUFG (Prop_bufg_I_O)         0.026     0.884 r  Clk_In_IBUF_BUFG_inst/O
                         net (fo=34, routed)          0.591     1.474    Slow_Clk0/Clk_In_IBUF_BUFG
    SLICE_X58Y12         FDRE                                         r  Slow_Clk0/count_reg[11]/C
  -------------------------------------------------------------------    -------------------
    SLICE_X58Y12         FDRE (Prop_fdre_C_Q)         0.141     1.615 r  Slow_Clk0/count_reg[11]/Q
                         net (fo=2, routed)           0.133     1.748    Slow_Clk0/count[11]
    SLICE_X58Y12         CARRY4 (Prop_carry4_S[2]_O[2])
                                                      0.111     1.859 r  Slow_Clk0/count_reg[12]_i_1/O[2]
                         net (fo=1, routed)           0.000     1.859    Slow_Clk0/data0[11]
    SLICE_X58Y12         FDRE                                         r  Slow_Clk0/count_reg[11]/D
  -------------------------------------------------------------------    -------------------

                         (clock sys_clk_pin rise edge)
                                                      0.000     0.000 r  
    W5                                                0.000     0.000 r  Clk_In (IN)
                         net (fo=0)                   0.000     0.000    Clk_In
    W5                   IBUF (Prop_ibuf_I_O)         0.414     0.414 r  Clk_In_IBUF_inst/O
                         net (fo=1, routed)           0.685     1.099    Clk_In_IBUF
    BUFGCTRL_X0Y0        BUFG (Prop_bufg_I_O)         0.029     1.128 r  Clk_In_IBUF_BUFG_inst/O
                         net (fo=34, routed)          0.860     1.987    Slow_Clk0/Clk_In_IBUF_BUFG
    SLICE_X58Y12         FDRE                                         r  Slow_Clk0/count_reg[11]/C
                         clock pessimism             -0.513     1.474    
    SLICE_X58Y12         FDRE (Hold_fdre_C_D)         0.105     1.579    Slow_Clk0/count_reg[11]
  -------------------------------------------------------------------
                         required time                         -1.579    
                         arrival time                           1.859    
  -------------------------------------------------------------------
                         slack                                  0.280    

Slack (MET) :             0.280ns  (arrival time - required time)
  Source:                 Slow_Clk0/count_reg[7]/C
                            (rising edge-triggered cell FDRE clocked by sys_clk_pin  {rise@0.000ns fall@5.000ns period=10.000ns})
  Destination:            Slow_Clk0/count_reg[7]/D
                            (rising edge-triggered cell FDRE clocked by sys_clk_pin  {rise@0.000ns fall@5.000ns period=10.000ns})
  Path Group:             sys_clk_pin
  Path Type:              Hold (Min at Fast Process Corner)
  Requirement:            0.000ns  (sys_clk_pin rise@0.000ns - sys_clk_pin rise@0.000ns)
  Data Path Delay:        0.385ns  (logic 0.252ns (65.465%)  route 0.133ns (34.535%))
  Logic Levels:           1  (CARRY4=1)
  Clock Path Skew:        0.000ns (DCD - SCD - CPR)
    Destination Clock Delay (DCD):    1.989ns
    Source Clock Delay      (SCD):    1.475ns
    Clock Pessimism Removal (CPR):    0.514ns

    Location             Delay type                Incr(ns)  Path(ns)    Netlist Resource(s)
  -------------------------------------------------------------------    -------------------
                         (clock sys_clk_pin rise edge)
                                                      0.000     0.000 r  
    W5                                                0.000     0.000 r  Clk_In (IN)
                         net (fo=0)                   0.000     0.000    Clk_In
    W5                   IBUF (Prop_ibuf_I_O)         0.226     0.226 r  Clk_In_IBUF_inst/O
                         net (fo=1, routed)           0.631     0.858    Clk_In_IBUF
    BUFGCTRL_X0Y0        BUFG (Prop_bufg_I_O)         0.026     0.884 r  Clk_In_IBUF_BUFG_inst/O
                         net (fo=34, routed)          0.592     1.475    Slow_Clk0/Clk_In_IBUF_BUFG
    SLICE_X58Y11         FDRE                                         r  Slow_Clk0/count_reg[7]/C
  -------------------------------------------------------------------    -------------------
    SLICE_X58Y11         FDRE (Prop_fdre_C_Q)         0.141     1.616 r  Slow_Clk0/count_reg[7]/Q
                         net (fo=2, routed)           0.133     1.749    Slow_Clk0/count[7]
    SLICE_X58Y11         CARRY4 (Prop_carry4_S[2]_O[2])
                                                      0.111     1.860 r  Slow_Clk0/count_reg[8]_i_1/O[2]
                         net (fo=1, routed)           0.000     1.860    Slow_Clk0/data0[7]
    SLICE_X58Y11         FDRE                                         r  Slow_Clk0/count_reg[7]/D
  -------------------------------------------------------------------    -------------------

                         (clock sys_clk_pin rise edge)
                                                      0.000     0.000 r  
    W5                                                0.000     0.000 r  Clk_In (IN)
                         net (fo=0)                   0.000     0.000    Clk_In
    W5                   IBUF (Prop_ibuf_I_O)         0.414     0.414 r  Clk_In_IBUF_inst/O
                         net (fo=1, routed)           0.685     1.099    Clk_In_IBUF
    BUFGCTRL_X0Y0        BUFG (Prop_bufg_I_O)         0.029     1.128 r  Clk_In_IBUF_BUFG_inst/O
                         net (fo=34, routed)          0.862     1.989    Slow_Clk0/Clk_In_IBUF_BUFG
    SLICE_X58Y11         FDRE                                         r  Slow_Clk0/count_reg[7]/C
                         clock pessimism             -0.514     1.475    
    SLICE_X58Y11         FDRE (Hold_fdre_C_D)         0.105     1.580    Slow_Clk0/count_reg[7]
  -------------------------------------------------------------------
                         required time                         -1.580    
                         arrival time                           1.860    
  -------------------------------------------------------------------
                         slack                                  0.280    

Slack (MET) :             0.280ns  (arrival time - required time)
  Source:                 Slow_Clk0/count_reg[23]/C
                            (rising edge-triggered cell FDRE clocked by sys_clk_pin  {rise@0.000ns fall@5.000ns period=10.000ns})
  Destination:            Slow_Clk0/count_reg[23]/D
                            (rising edge-triggered cell FDRE clocked by sys_clk_pin  {rise@0.000ns fall@5.000ns period=10.000ns})
  Path Group:             sys_clk_pin
  Path Type:              Hold (Min at Fast Process Corner)
  Requirement:            0.000ns  (sys_clk_pin rise@0.000ns - sys_clk_pin rise@0.000ns)
  Data Path Delay:        0.385ns  (logic 0.252ns (65.465%)  route 0.133ns (34.535%))
  Logic Levels:           1  (CARRY4=1)
  Clock Path Skew:        0.000ns (DCD - SCD - CPR)
    Destination Clock Delay (DCD):    1.985ns
    Source Clock Delay      (SCD):    1.473ns
    Clock Pessimism Removal (CPR):    0.512ns

    Location             Delay type                Incr(ns)  Path(ns)    Netlist Resource(s)
  -------------------------------------------------------------------    -------------------
                         (clock sys_clk_pin rise edge)
                                                      0.000     0.000 r  
    W5                                                0.000     0.000 r  Clk_In (IN)
                         net (fo=0)                   0.000     0.000    Clk_In
    W5                   IBUF (Prop_ibuf_I_O)         0.226     0.226 r  Clk_In_IBUF_inst/O
                         net (fo=1, routed)           0.631     0.858    Clk_In_IBUF
    BUFGCTRL_X0Y0        BUFG (Prop_bufg_I_O)         0.026     0.884 r  Clk_In_IBUF_BUFG_inst/O
                         net (fo=34, routed)          0.590     1.473    Slow_Clk0/Clk_In_IBUF_BUFG
    SLICE_X58Y15         FDRE                                         r  Slow_Clk0/count_reg[23]/C
  -------------------------------------------------------------------    -------------------
    SLICE_X58Y15         FDRE (Prop_fdre_C_Q)         0.141     1.614 r  Slow_Clk0/count_reg[23]/Q
                         net (fo=2, routed)           0.133     1.747    Slow_Clk0/count[23]
    SLICE_X58Y15         CARRY4 (Prop_carry4_S[2]_O[2])
                                                      0.111     1.858 r  Slow_Clk0/count_reg[24]_i_1/O[2]
                         net (fo=1, routed)           0.000     1.858    Slow_Clk0/data0[23]
    SLICE_X58Y15         FDRE                                         r  Slow_Clk0/count_reg[23]/D
  -------------------------------------------------------------------    -------------------

                         (clock sys_clk_pin rise edge)
                                                      0.000     0.000 r  
    W5                                                0.000     0.000 r  Clk_In (IN)
                         net (fo=0)                   0.000     0.000    Clk_In
    W5                   IBUF (Prop_ibuf_I_O)         0.414     0.414 r  Clk_In_IBUF_inst/O
                         net (fo=1, routed)           0.685     1.099    Clk_In_IBUF
    BUFGCTRL_X0Y0        BUFG (Prop_bufg_I_O)         0.029     1.128 r  Clk_In_IBUF_BUFG_inst/O
                         net (fo=34, routed)          0.858     1.985    Slow_Clk0/Clk_In_IBUF_BUFG
    SLICE_X58Y15         FDRE                                         r  Slow_Clk0/count_reg[23]/C
                         clock pessimism             -0.512     1.473    
    SLICE_X58Y15         FDRE (Hold_fdre_C_D)         0.105     1.578    Slow_Clk0/count_reg[23]
  -------------------------------------------------------------------
                         required time                         -1.578    
                         arrival time                           1.858    
  -------------------------------------------------------------------
                         slack                                  0.280    

Slack (MET) :             0.280ns  (arrival time - required time)
  Source:                 Slow_Clk0/count_reg[15]/C
                            (rising edge-triggered cell FDRE clocked by sys_clk_pin  {rise@0.000ns fall@5.000ns period=10.000ns})
  Destination:            Slow_Clk0/count_reg[15]/D
                            (rising edge-triggered cell FDRE clocked by sys_clk_pin  {rise@0.000ns fall@5.000ns period=10.000ns})
  Path Group:             sys_clk_pin
  Path Type:              Hold (Min at Fast Process Corner)
  Requirement:            0.000ns  (sys_clk_pin rise@0.000ns - sys_clk_pin rise@0.000ns)
  Data Path Delay:        0.385ns  (logic 0.252ns (65.465%)  route 0.133ns (34.535%))
  Logic Levels:           1  (CARRY4=1)
  Clock Path Skew:        0.000ns (DCD - SCD - CPR)
    Destination Clock Delay (DCD):    1.986ns
    Source Clock Delay      (SCD):    1.473ns
    Clock Pessimism Removal (CPR):    0.513ns

    Location             Delay type                Incr(ns)  Path(ns)    Netlist Resource(s)
  -------------------------------------------------------------------    -------------------
                         (clock sys_clk_pin rise edge)
                                                      0.000     0.000 r  
    W5                                                0.000     0.000 r  Clk_In (IN)
                         net (fo=0)                   0.000     0.000    Clk_In
    W5                   IBUF (Prop_ibuf_I_O)         0.226     0.226 r  Clk_In_IBUF_inst/O
                         net (fo=1, routed)           0.631     0.858    Clk_In_IBUF
    BUFGCTRL_X0Y0        BUFG (Prop_bufg_I_O)         0.026     0.884 r  Clk_In_IBUF_BUFG_inst/O
                         net (fo=34, routed)          0.590     1.473    Slow_Clk0/Clk_In_IBUF_BUFG
    SLICE_X58Y13         FDRE                                         r  Slow_Clk0/count_reg[15]/C
  -------------------------------------------------------------------    -------------------
    SLICE_X58Y13         FDRE (Prop_fdre_C_Q)         0.141     1.614 r  Slow_Clk0/count_reg[15]/Q
                         net (fo=2, routed)           0.133     1.747    Slow_Clk0/count[15]
    SLICE_X58Y13         CARRY4 (Prop_carry4_S[2]_O[2])
                                                      0.111     1.858 r  Slow_Clk0/count_reg[16]_i_1/O[2]
                         net (fo=1, routed)           0.000     1.858    Slow_Clk0/data0[15]
    SLICE_X58Y13         FDRE                                         r  Slow_Clk0/count_reg[15]/D
  -------------------------------------------------------------------    -------------------

                         (clock sys_clk_pin rise edge)
                                                      0.000     0.000 r  
    W5                                                0.000     0.000 r  Clk_In (IN)
                         net (fo=0)                   0.000     0.000    Clk_In
    W5                   IBUF (Prop_ibuf_I_O)         0.414     0.414 r  Clk_In_IBUF_inst/O
                         net (fo=1, routed)           0.685     1.099    Clk_In_IBUF
    BUFGCTRL_X0Y0        BUFG (Prop_bufg_I_O)         0.029     1.128 r  Clk_In_IBUF_BUFG_inst/O
                         net (fo=34, routed)          0.859     1.986    Slow_Clk0/Clk_In_IBUF_BUFG
    SLICE_X58Y13         FDRE                                         r  Slow_Clk0/count_reg[15]/C
                         clock pessimism             -0.513     1.473    
    SLICE_X58Y13         FDRE (Hold_fdre_C_D)         0.105     1.578    Slow_Clk0/count_reg[15]
  -------------------------------------------------------------------
                         required time                         -1.578    
                         arrival time                           1.858    
  -------------------------------------------------------------------
                         slack                                  0.280    

Slack (MET) :             0.280ns  (arrival time - required time)
  Source:                 Slow_Clk0/count_reg[19]/C
                            (rising edge-triggered cell FDRE clocked by sys_clk_pin  {rise@0.000ns fall@5.000ns period=10.000ns})
  Destination:            Slow_Clk0/count_reg[19]/D
                            (rising edge-triggered cell FDRE clocked by sys_clk_pin  {rise@0.000ns fall@5.000ns period=10.000ns})
  Path Group:             sys_clk_pin
  Path Type:              Hold (Min at Fast Process Corner)
  Requirement:            0.000ns  (sys_clk_pin rise@0.000ns - sys_clk_pin rise@0.000ns)
  Data Path Delay:        0.385ns  (logic 0.252ns (65.465%)  route 0.133ns (34.535%))
  Logic Levels:           1  (CARRY4=1)
  Clock Path Skew:        0.000ns (DCD - SCD - CPR)
    Destination Clock Delay (DCD):    1.986ns
    Source Clock Delay      (SCD):    1.473ns
    Clock Pessimism Removal (CPR):    0.513ns

    Location             Delay type                Incr(ns)  Path(ns)    Netlist Resource(s)
  -------------------------------------------------------------------    -------------------
                         (clock sys_clk_pin rise edge)
                                                      0.000     0.000 r  
    W5                                                0.000     0.000 r  Clk_In (IN)
                         net (fo=0)                   0.000     0.000    Clk_In
    W5                   IBUF (Prop_ibuf_I_O)         0.226     0.226 r  Clk_In_IBUF_inst/O
                         net (fo=1, routed)           0.631     0.858    Clk_In_IBUF
    BUFGCTRL_X0Y0        BUFG (Prop_bufg_I_O)         0.026     0.884 r  Clk_In_IBUF_BUFG_inst/O
                         net (fo=34, routed)          0.590     1.473    Slow_Clk0/Clk_In_IBUF_BUFG
    SLICE_X58Y14         FDRE                                         r  Slow_Clk0/count_reg[19]/C
  -------------------------------------------------------------------    -------------------
    SLICE_X58Y14         FDRE (Prop_fdre_C_Q)         0.141     1.614 r  Slow_Clk0/count_reg[19]/Q
                         net (fo=2, routed)           0.133     1.747    Slow_Clk0/count[19]
    SLICE_X58Y14         CARRY4 (Prop_carry4_S[2]_O[2])
                                                      0.111     1.858 r  Slow_Clk0/count_reg[20]_i_1/O[2]
                         net (fo=1, routed)           0.000     1.858    Slow_Clk0/data0[19]
    SLICE_X58Y14         FDRE                                         r  Slow_Clk0/count_reg[19]/D
  -------------------------------------------------------------------    -------------------

                         (clock sys_clk_pin rise edge)
                                                      0.000     0.000 r  
    W5                                                0.000     0.000 r  Clk_In (IN)
                         net (fo=0)                   0.000     0.000    Clk_In
    W5                   IBUF (Prop_ibuf_I_O)         0.414     0.414 r  Clk_In_IBUF_inst/O
                         net (fo=1, routed)           0.685     1.099    Clk_In_IBUF
    BUFGCTRL_X0Y0        BUFG (Prop_bufg_I_O)         0.029     1.128 r  Clk_In_IBUF_BUFG_inst/O
                         net (fo=34, routed)          0.859     1.986    Slow_Clk0/Clk_In_IBUF_BUFG
    SLICE_X58Y14         FDRE                                         r  Slow_Clk0/count_reg[19]/C
                         clock pessimism             -0.513     1.473    
    SLICE_X58Y14         FDRE (Hold_fdre_C_D)         0.105     1.578    Slow_Clk0/count_reg[19]
  -------------------------------------------------------------------
                         required time                         -1.578    
                         arrival time                           1.858    
  -------------------------------------------------------------------
                         slack                                  0.280    

Slack (MET) :             0.281ns  (arrival time - required time)
  Source:                 Slow_Clk0/count_reg[27]/C
                            (rising edge-triggered cell FDRE clocked by sys_clk_pin  {rise@0.000ns fall@5.000ns period=10.000ns})
  Destination:            Slow_Clk0/count_reg[27]/D
                            (rising edge-triggered cell FDRE clocked by sys_clk_pin  {rise@0.000ns fall@5.000ns period=10.000ns})
  Path Group:             sys_clk_pin
  Path Type:              Hold (Min at Fast Process Corner)
  Requirement:            0.000ns  (sys_clk_pin rise@0.000ns - sys_clk_pin rise@0.000ns)
  Data Path Delay:        0.386ns  (logic 0.252ns (65.354%)  route 0.134ns (34.646%))
  Logic Levels:           1  (CARRY4=1)
  Clock Path Skew:        0.000ns (DCD - SCD - CPR)
    Destination Clock Delay (DCD):    1.984ns
    Source Clock Delay      (SCD):    1.472ns
    Clock Pessimism Removal (CPR):    0.512ns

    Location             Delay type                Incr(ns)  Path(ns)    Netlist Resource(s)
  -------------------------------------------------------------------    -------------------
                         (clock sys_clk_pin rise edge)
                                                      0.000     0.000 r  
    W5                                                0.000     0.000 r  Clk_In (IN)
                         net (fo=0)                   0.000     0.000    Clk_In
    W5                   IBUF (Prop_ibuf_I_O)         0.226     0.226 r  Clk_In_IBUF_inst/O
                         net (fo=1, routed)           0.631     0.858    Clk_In_IBUF
    BUFGCTRL_X0Y0        BUFG (Prop_bufg_I_O)         0.026     0.884 r  Clk_In_IBUF_BUFG_inst/O
                         net (fo=34, routed)          0.589     1.472    Slow_Clk0/Clk_In_IBUF_BUFG
    SLICE_X58Y16         FDRE                                         r  Slow_Clk0/count_reg[27]/C
  -------------------------------------------------------------------    -------------------
    SLICE_X58Y16         FDRE (Prop_fdre_C_Q)         0.141     1.613 r  Slow_Clk0/count_reg[27]/Q
                         net (fo=2, routed)           0.134     1.747    Slow_Clk0/count[27]
    SLICE_X58Y16         CARRY4 (Prop_carry4_S[2]_O[2])
                                                      0.111     1.858 r  Slow_Clk0/count_reg[28]_i_1/O[2]
                         net (fo=1, routed)           0.000     1.858    Slow_Clk0/data0[27]
    SLICE_X58Y16         FDRE                                         r  Slow_Clk0/count_reg[27]/D
  -------------------------------------------------------------------    -------------------

                         (clock sys_clk_pin rise edge)
                                                      0.000     0.000 r  
    W5                                                0.000     0.000 r  Clk_In (IN)
                         net (fo=0)                   0.000     0.000    Clk_In
    W5                   IBUF (Prop_ibuf_I_O)         0.414     0.414 r  Clk_In_IBUF_inst/O
                         net (fo=1, routed)           0.685     1.099    Clk_In_IBUF
    BUFGCTRL_X0Y0        BUFG (Prop_bufg_I_O)         0.029     1.128 r  Clk_In_IBUF_BUFG_inst/O
                         net (fo=34, routed)          0.857     1.984    Slow_Clk0/Clk_In_IBUF_BUFG
    SLICE_X58Y16         FDRE                                         r  Slow_Clk0/count_reg[27]/C
                         clock pessimism             -0.512     1.472    
    SLICE_X58Y16         FDRE (Hold_fdre_C_D)         0.105     1.577    Slow_Clk0/count_reg[27]
  -------------------------------------------------------------------
                         required time                         -1.577    
                         arrival time                           1.858    
  -------------------------------------------------------------------
                         slack                                  0.281    

Slack (MET) :             0.281ns  (arrival time - required time)
  Source:                 Slow_Clk0/count_reg[3]/C
                            (rising edge-triggered cell FDRE clocked by sys_clk_pin  {rise@0.000ns fall@5.000ns period=10.000ns})
  Destination:            Slow_Clk0/count_reg[3]/D
                            (rising edge-triggered cell FDRE clocked by sys_clk_pin  {rise@0.000ns fall@5.000ns period=10.000ns})
  Path Group:             sys_clk_pin
  Path Type:              Hold (Min at Fast Process Corner)
  Requirement:            0.000ns  (sys_clk_pin rise@0.000ns - sys_clk_pin rise@0.000ns)
  Data Path Delay:        0.386ns  (logic 0.252ns (65.354%)  route 0.134ns (34.646%))
  Logic Levels:           1  (CARRY4=1)
  Clock Path Skew:        0.000ns (DCD - SCD - CPR)
    Destination Clock Delay (DCD):    1.989ns
    Source Clock Delay      (SCD):    1.475ns
    Clock Pessimism Removal (CPR):    0.514ns

    Location             Delay type                Incr(ns)  Path(ns)    Netlist Resource(s)
  -------------------------------------------------------------------    -------------------
                         (clock sys_clk_pin rise edge)
                                                      0.000     0.000 r  
    W5                                                0.000     0.000 r  Clk_In (IN)
                         net (fo=0)                   0.000     0.000    Clk_In
    W5                   IBUF (Prop_ibuf_I_O)         0.226     0.226 r  Clk_In_IBUF_inst/O
                         net (fo=1, routed)           0.631     0.858    Clk_In_IBUF
    BUFGCTRL_X0Y0        BUFG (Prop_bufg_I_O)         0.026     0.884 r  Clk_In_IBUF_BUFG_inst/O
                         net (fo=34, routed)          0.592     1.475    Slow_Clk0/Clk_In_IBUF_BUFG
    SLICE_X58Y10         FDRE                                         r  Slow_Clk0/count_reg[3]/C
  -------------------------------------------------------------------    -------------------
    SLICE_X58Y10         FDRE (Prop_fdre_C_Q)         0.141     1.616 r  Slow_Clk0/count_reg[3]/Q
                         net (fo=2, routed)           0.134     1.750    Slow_Clk0/count[3]
    SLICE_X58Y10         CARRY4 (Prop_carry4_S[2]_O[2])
                                                      0.111     1.861 r  Slow_Clk0/count_reg[4]_i_1/O[2]
                         net (fo=1, routed)           0.000     1.861    Slow_Clk0/data0[3]
    SLICE_X58Y10         FDRE                                         r  Slow_Clk0/count_reg[3]/D
  -------------------------------------------------------------------    -------------------

                         (clock sys_clk_pin rise edge)
                                                      0.000     0.000 r  
    W5                                                0.000     0.000 r  Clk_In (IN)
                         net (fo=0)                   0.000     0.000    Clk_In
    W5                   IBUF (Prop_ibuf_I_O)         0.414     0.414 r  Clk_In_IBUF_inst/O
                         net (fo=1, routed)           0.685     1.099    Clk_In_IBUF
    BUFGCTRL_X0Y0        BUFG (Prop_bufg_I_O)         0.029     1.128 r  Clk_In_IBUF_BUFG_inst/O
                         net (fo=34, routed)          0.862     1.989    Slow_Clk0/Clk_In_IBUF_BUFG
    SLICE_X58Y10         FDRE                                         r  Slow_Clk0/count_reg[3]/C
                         clock pessimism             -0.514     1.475    
    SLICE_X58Y10         FDRE (Hold_fdre_C_D)         0.105     1.580    Slow_Clk0/count_reg[3]
  -------------------------------------------------------------------
                         required time                         -1.580    
                         arrival time                           1.861    
  -------------------------------------------------------------------
                         slack                                  0.281    

Slack (MET) :             0.281ns  (arrival time - required time)
  Source:                 Slow_Clk0/count_reg[31]/C
                            (rising edge-triggered cell FDRE clocked by sys_clk_pin  {rise@0.000ns fall@5.000ns period=10.000ns})
  Destination:            Slow_Clk0/count_reg[31]/D
                            (rising edge-triggered cell FDRE clocked by sys_clk_pin  {rise@0.000ns fall@5.000ns period=10.000ns})
  Path Group:             sys_clk_pin
  Path Type:              Hold (Min at Fast Process Corner)
  Requirement:            0.000ns  (sys_clk_pin rise@0.000ns - sys_clk_pin rise@0.000ns)
  Data Path Delay:        0.386ns  (logic 0.252ns (65.343%)  route 0.134ns (34.657%))
  Logic Levels:           1  (CARRY4=1)
  Clock Path Skew:        0.000ns (DCD - SCD - CPR)
    Destination Clock Delay (DCD):    1.983ns
    Source Clock Delay      (SCD):    1.471ns
    Clock Pessimism Removal (CPR):    0.512ns

    Location             Delay type                Incr(ns)  Path(ns)    Netlist Resource(s)
  -------------------------------------------------------------------    -------------------
                         (clock sys_clk_pin rise edge)
                                                      0.000     0.000 r  
    W5                                                0.000     0.000 r  Clk_In (IN)
                         net (fo=0)                   0.000     0.000    Clk_In
    W5                   IBUF (Prop_ibuf_I_O)         0.226     0.226 r  Clk_In_IBUF_inst/O
                         net (fo=1, routed)           0.631     0.858    Clk_In_IBUF
    BUFGCTRL_X0Y0        BUFG (Prop_bufg_I_O)         0.026     0.884 r  Clk_In_IBUF_BUFG_inst/O
                         net (fo=34, routed)          0.588     1.471    Slow_Clk0/Clk_In_IBUF_BUFG
    SLICE_X58Y17         FDRE                                         r  Slow_Clk0/count_reg[31]/C
  -------------------------------------------------------------------    -------------------
    SLICE_X58Y17         FDRE (Prop_fdre_C_Q)         0.141     1.612 r  Slow_Clk0/count_reg[31]/Q
                         net (fo=2, routed)           0.134     1.746    Slow_Clk0/count[31]
    SLICE_X58Y17         CARRY4 (Prop_carry4_S[2]_O[2])
                                                      0.111     1.857 r  Slow_Clk0/count_reg[31]_i_2/O[2]
                         net (fo=1, routed)           0.000     1.857    Slow_Clk0/data0[31]
    SLICE_X58Y17         FDRE                                         r  Slow_Clk0/count_reg[31]/D
  -------------------------------------------------------------------    -------------------

                         (clock sys_clk_pin rise edge)
                                                      0.000     0.000 r  
    W5                                                0.000     0.000 r  Clk_In (IN)
                         net (fo=0)                   0.000     0.000    Clk_In
    W5                   IBUF (Prop_ibuf_I_O)         0.414     0.414 r  Clk_In_IBUF_inst/O
                         net (fo=1, routed)           0.685     1.099    Clk_In_IBUF
    BUFGCTRL_X0Y0        BUFG (Prop_bufg_I_O)         0.029     1.128 r  Clk_In_IBUF_BUFG_inst/O
                         net (fo=34, routed)          0.856     1.983    Slow_Clk0/Clk_In_IBUF_BUFG
    SLICE_X58Y17         FDRE                                         r  Slow_Clk0/count_reg[31]/C
                         clock pessimism             -0.512     1.471    
    SLICE_X58Y17         FDRE (Hold_fdre_C_D)         0.105     1.576    Slow_Clk0/count_reg[31]
  -------------------------------------------------------------------
                         required time                         -1.576    
                         arrival time                           1.857    
  -------------------------------------------------------------------
                         slack                                  0.281    

Slack (MET) :             0.313ns  (arrival time - required time)
  Source:                 Slow_Clk0/count_reg[11]/C
                            (rising edge-triggered cell FDRE clocked by sys_clk_pin  {rise@0.000ns fall@5.000ns period=10.000ns})
  Destination:            Slow_Clk0/count_reg[12]/D
                            (rising edge-triggered cell FDRE clocked by sys_clk_pin  {rise@0.000ns fall@5.000ns period=10.000ns})
  Path Group:             sys_clk_pin
  Path Type:              Hold (Min at Fast Process Corner)
  Requirement:            0.000ns  (sys_clk_pin rise@0.000ns - sys_clk_pin rise@0.000ns)
  Data Path Delay:        0.418ns  (logic 0.285ns (68.254%)  route 0.133ns (31.747%))
  Logic Levels:           1  (CARRY4=1)
  Clock Path Skew:        0.000ns (DCD - SCD - CPR)
    Destination Clock Delay (DCD):    1.987ns
    Source Clock Delay      (SCD):    1.474ns
    Clock Pessimism Removal (CPR):    0.513ns

    Location             Delay type                Incr(ns)  Path(ns)    Netlist Resource(s)
  -------------------------------------------------------------------    -------------------
                         (clock sys_clk_pin rise edge)
                                                      0.000     0.000 r  
    W5                                                0.000     0.000 r  Clk_In (IN)
                         net (fo=0)                   0.000     0.000    Clk_In
    W5                   IBUF (Prop_ibuf_I_O)         0.226     0.226 r  Clk_In_IBUF_inst/O
                         net (fo=1, routed)           0.631     0.858    Clk_In_IBUF
    BUFGCTRL_X0Y0        BUFG (Prop_bufg_I_O)         0.026     0.884 r  Clk_In_IBUF_BUFG_inst/O
                         net (fo=34, routed)          0.591     1.474    Slow_Clk0/Clk_In_IBUF_BUFG
    SLICE_X58Y12         FDRE                                         r  Slow_Clk0/count_reg[11]/C
  -------------------------------------------------------------------    -------------------
    SLICE_X58Y12         FDRE (Prop_fdre_C_Q)         0.141     1.615 r  Slow_Clk0/count_reg[11]/Q
                         net (fo=2, routed)           0.133     1.748    Slow_Clk0/count[11]
    SLICE_X58Y12         CARRY4 (Prop_carry4_S[2]_O[3])
                                                      0.144     1.892 r  Slow_Clk0/count_reg[12]_i_1/O[3]
                         net (fo=1, routed)           0.000     1.892    Slow_Clk0/data0[12]
    SLICE_X58Y12         FDRE                                         r  Slow_Clk0/count_reg[12]/D
  -------------------------------------------------------------------    -------------------

                         (clock sys_clk_pin rise edge)
                                                      0.000     0.000 r  
    W5                                                0.000     0.000 r  Clk_In (IN)
                         net (fo=0)                   0.000     0.000    Clk_In
    W5                   IBUF (Prop_ibuf_I_O)         0.414     0.414 r  Clk_In_IBUF_inst/O
                         net (fo=1, routed)           0.685     1.099    Clk_In_IBUF
    BUFGCTRL_X0Y0        BUFG (Prop_bufg_I_O)         0.029     1.128 r  Clk_In_IBUF_BUFG_inst/O
                         net (fo=34, routed)          0.860     1.987    Slow_Clk0/Clk_In_IBUF_BUFG
    SLICE_X58Y12         FDRE                                         r  Slow_Clk0/count_reg[12]/C
                         clock pessimism             -0.513     1.474    
    SLICE_X58Y12         FDRE (Hold_fdre_C_D)         0.105     1.579    Slow_Clk0/count_reg[12]
  -------------------------------------------------------------------
                         required time                         -1.579    
                         arrival time                           1.892    
  -------------------------------------------------------------------
                         slack                                  0.313    





Pulse Width Checks
--------------------------------------------------------------------------------------
Clock Name:         sys_clk_pin
Waveform(ns):       { 0.000 5.000 }
Period(ns):         10.000
Sources:            { Clk_In }

Check Type        Corner  Lib Pin  Reference Pin  Required(ns)  Actual(ns)  Slack(ns)  Location       Pin
Min Period        n/a     BUFG/I   n/a            2.155         10.000      7.845      BUFGCTRL_X0Y0  Clk_In_IBUF_BUFG_inst/I
Min Period        n/a     FDRE/C   n/a            1.000         10.000      9.000      SLICE_X59Y12   Slow_Clk0/Clk_out_reg/C
Min Period        n/a     FDRE/C   n/a            1.000         10.000      9.000      SLICE_X59Y12   Slow_Clk0/Clk_status_reg/C
Min Period        n/a     FDRE/C   n/a            1.000         10.000      9.000      SLICE_X59Y12   Slow_Clk0/count_reg[0]/C
Min Period        n/a     FDRE/C   n/a            1.000         10.000      9.000      SLICE_X58Y12   Slow_Clk0/count_reg[10]/C
Min Period        n/a     FDRE/C   n/a            1.000         10.000      9.000      SLICE_X58Y12   Slow_Clk0/count_reg[11]/C
Min Period        n/a     FDRE/C   n/a            1.000         10.000      9.000      SLICE_X58Y12   Slow_Clk0/count_reg[12]/C
Min Period        n/a     FDRE/C   n/a            1.000         10.000      9.000      SLICE_X58Y13   Slow_Clk0/count_reg[13]/C
Min Period        n/a     FDRE/C   n/a            1.000         10.000      9.000      SLICE_X58Y13   Slow_Clk0/count_reg[14]/C
Min Period        n/a     FDRE/C   n/a            1.000         10.000      9.000      SLICE_X58Y13   Slow_Clk0/count_reg[15]/C
Low Pulse Width   Fast    FDRE/C   n/a            0.500         5.000       4.500      SLICE_X59Y12   Slow_Clk0/Clk_out_reg/C
Low Pulse Width   Fast    FDRE/C   n/a            0.500         5.000       4.500      SLICE_X59Y12   Slow_Clk0/Clk_status_reg/C
Low Pulse Width   Fast    FDRE/C   n/a            0.500         5.000       4.500      SLICE_X59Y12   Slow_Clk0/count_reg[0]/C
Low Pulse Width   Fast    FDRE/C   n/a            0.500         5.000       4.500      SLICE_X58Y12   Slow_Clk0/count_reg[10]/C
Low Pulse Width   Fast    FDRE/C   n/a            0.500         5.000       4.500      SLICE_X58Y12   Slow_Clk0/count_reg[11]/C
Low Pulse Width   Fast    FDRE/C   n/a            0.500         5.000       4.500      SLICE_X58Y12   Slow_Clk0/count_reg[12]/C
Low Pulse Width   Fast    FDRE/C   n/a            0.500         5.000       4.500      SLICE_X58Y13   Slow_Clk0/count_reg[13]/C
Low Pulse Width   Fast    FDRE/C   n/a            0.500         5.000       4.500      SLICE_X58Y13   Slow_Clk0/count_reg[14]/C
Low Pulse Width   Fast    FDRE/C   n/a            0.500         5.000       4.500      SLICE_X58Y13   Slow_Clk0/count_reg[15]/C
Low Pulse Width   Fast    FDRE/C   n/a            0.500         5.000       4.500      SLICE_X58Y13   Slow_Clk0/count_reg[16]/C
High Pulse Width  Slow    FDRE/C   n/a            0.500         5.000       4.500      SLICE_X58Y15   Slow_Clk0/count_reg[21]/C
High Pulse Width  Fast    FDRE/C   n/a            0.500         5.000       4.500      SLICE_X58Y15   Slow_Clk0/count_reg[21]/C
High Pulse Width  Slow    FDRE/C   n/a            0.500         5.000       4.500      SLICE_X58Y15   Slow_Clk0/count_reg[22]/C
High Pulse Width  Fast    FDRE/C   n/a            0.500         5.000       4.500      SLICE_X58Y15   Slow_Clk0/count_reg[22]/C
High Pulse Width  Slow    FDRE/C   n/a            0.500         5.000       4.500      SLICE_X58Y15   Slow_Clk0/count_reg[23]/C
High Pulse Width  Fast    FDRE/C   n/a            0.500         5.000       4.500      SLICE_X58Y15   Slow_Clk0/count_reg[23]/C
High Pulse Width  Slow    FDRE/C   n/a            0.500         5.000       4.500      SLICE_X58Y15   Slow_Clk0/count_reg[24]/C
High Pulse Width  Fast    FDRE/C   n/a            0.500         5.000       4.500      SLICE_X58Y15   Slow_Clk0/count_reg[24]/C
High Pulse Width  Slow    FDRE/C   n/a            0.500         5.000       4.500      SLICE_X58Y16   Slow_Clk0/count_reg[25]/C
High Pulse Width  Slow    FDRE/C   n/a            0.500         5.000       4.500      SLICE_X58Y16   Slow_Clk0/count_reg[26]/C



